{"C:\\Users\\eliez\\pib\\backend\\src\\index.js": {"path":"C:\\Users\\eliez\\pib\\backend\\src\\index.js","statementMap":{"0":{"start":{"line":1,"column":16},"end":{"line":1,"column":34}},"1":{"start":{"line":2,"column":13},"end":{"line":2,"column":28}},"2":{"start":{"line":3,"column":13},"end":{"line":3,"column":28}},"3":{"start":{"line":4,"column":15},"end":{"line":4,"column":32}},"4":{"start":{"line":5,"column":18},"end":{"line":5,"column":47}},"5":{"start":{"line":6,"column":17},"end":{"line":6,"column":37}},"6":{"start":{"line":8,"column":0},"end":{"line":8,"column":27}},"7":{"start":{"line":9,"column":0},"end":{"line":9,"column":23}},"8":{"start":{"line":11,"column":12},"end":{"line":11,"column":21}},"9":{"start":{"line":12,"column":15},"end":{"line":12,"column":37}},"10":{"start":{"line":13,"column":11},"end":{"line":13,"column":54}},"11":{"start":{"line":15,"column":18},"end":{"line":15,"column":37}},"12":{"start":{"line":16,"column":0},"end":{"line":16,"column":10}},"13":{"start":{"line":18,"column":0},"end":{"line":18,"column":50}},"14":{"start":{"line":19,"column":0},"end":{"line":19,"column":72}},"15":{"start":{"line":20,"column":0},"end":{"line":20,"column":24}},"16":{"start":{"line":21,"column":0},"end":{"line":27,"column":2}},"17":{"start":{"line":29,"column":19},"end":{"line":29,"column":49}},"18":{"start":{"line":30,"column":19},"end":{"line":30,"column":49}},"19":{"start":{"line":31,"column":19},"end":{"line":31,"column":49}},"20":{"start":{"line":32,"column":22},"end":{"line":32,"column":55}},"21":{"start":{"line":33,"column":22},"end":{"line":33,"column":55}},"22":{"start":{"line":34,"column":22},"end":{"line":34,"column":55}},"23":{"start":{"line":35,"column":21},"end":{"line":35,"column":52}},"24":{"start":{"line":37,"column":0},"end":{"line":37,"column":29}},"25":{"start":{"line":38,"column":0},"end":{"line":38,"column":30}},"26":{"start":{"line":39,"column":0},"end":{"line":39,"column":30}},"27":{"start":{"line":40,"column":0},"end":{"line":40,"column":36}},"28":{"start":{"line":41,"column":0},"end":{"line":41,"column":36}},"29":{"start":{"line":42,"column":0},"end":{"line":42,"column":36}},"30":{"start":{"line":43,"column":0},"end":{"line":43,"column":34}},"31":{"start":{"line":45,"column":0},"end":{"line":45,"column":75}},"32":{"start":{"line":45,"column":27},"end":{"line":45,"column":73}},"33":{"start":{"line":47,"column":0},"end":{"line":64,"column":3}},"34":{"start":{"line":48,"column":2},"end":{"line":48,"column":44}},"35":{"start":{"line":49,"column":2},"end":{"line":52,"column":5}},"36":{"start":{"line":50,"column":4},"end":{"line":50,"column":35}},"37":{"start":{"line":51,"column":4},"end":{"line":51,"column":47}},"38":{"start":{"line":53,"column":2},"end":{"line":53,"column":80}},"39":{"start":{"line":53,"column":43},"end":{"line":53,"column":78}},"40":{"start":{"line":54,"column":2},"end":{"line":56,"column":4}},"41":{"start":{"line":55,"column":4},"end":{"line":55,"column":62}},"42":{"start":{"line":57,"column":2},"end":{"line":59,"column":4}},"43":{"start":{"line":58,"column":4},"end":{"line":58,"column":64}},"44":{"start":{"line":60,"column":2},"end":{"line":62,"column":4}},"45":{"start":{"line":61,"column":4},"end":{"line":61,"column":74}},"46":{"start":{"line":63,"column":2},"end":{"line":63,"column":78}},"47":{"start":{"line":63,"column":32},"end":{"line":63,"column":76}},"48":{"start":{"line":66,"column":13},"end":{"line":66,"column":37}},"49":{"start":{"line":67,"column":0},"end":{"line":67,"column":60}},"50":{"start":{"line":67,"column":26},"end":{"line":67,"column":58}},"51":{"start":{"line":69,"column":0},"end":{"line":69,"column":29}}},"fnMap":{"0":{"name":"(anonymous_0)","decl":{"start":{"line":45,"column":13},"end":{"line":45,"column":14}},"loc":{"start":{"line":45,"column":27},"end":{"line":45,"column":73}},"line":45},"1":{"name":"(anonymous_1)","decl":{"start":{"line":47,"column":20},"end":{"line":47,"column":21}},"loc":{"start":{"line":47,"column":32},"end":{"line":64,"column":1}},"line":47},"2":{"name":"(anonymous_2)","decl":{"start":{"line":49,"column":25},"end":{"line":49,"column":26}},"loc":{"start":{"line":49,"column":38},"end":{"line":52,"column":3}},"line":49},"3":{"name":"(anonymous_3)","decl":{"start":{"line":53,"column":28},"end":{"line":53,"column":29}},"loc":{"start":{"line":53,"column":43},"end":{"line":53,"column":78}},"line":53},"4":{"name":"(anonymous_4)","decl":{"start":{"line":54,"column":21},"end":{"line":54,"column":22}},"loc":{"start":{"line":55,"column":4},"end":{"line":55,"column":62}},"line":55},"5":{"name":"(anonymous_5)","decl":{"start":{"line":57,"column":22},"end":{"line":57,"column":23}},"loc":{"start":{"line":58,"column":4},"end":{"line":58,"column":64}},"line":58},"6":{"name":"(anonymous_6)","decl":{"start":{"line":60,"column":29},"end":{"line":60,"column":30}},"loc":{"start":{"line":61,"column":4},"end":{"line":61,"column":74}},"line":61},"7":{"name":"(anonymous_7)","decl":{"start":{"line":63,"column":26},"end":{"line":63,"column":27}},"loc":{"start":{"line":63,"column":32},"end":{"line":63,"column":76}},"line":63},"8":{"name":"(anonymous_8)","decl":{"start":{"line":67,"column":20},"end":{"line":67,"column":21}},"loc":{"start":{"line":67,"column":26},"end":{"line":67,"column":58}},"line":67}},"branchMap":{"0":{"loc":{"start":{"line":66,"column":13},"end":{"line":66,"column":37}},"type":"binary-expr","locations":[{"start":{"line":66,"column":13},"end":{"line":66,"column":29}},{"start":{"line":66,"column":33},"end":{"line":66,"column":37}}],"line":66}},"s":{"0":7,"1":7,"2":7,"3":7,"4":7,"5":7,"6":7,"7":7,"8":7,"9":7,"10":7,"11":7,"12":7,"13":7,"14":7,"15":7,"16":7,"17":7,"18":7,"19":7,"20":7,"21":7,"22":7,"23":7,"24":7,"25":7,"26":7,"27":7,"28":7,"29":7,"30":7,"31":7,"32":0,"33":7,"34":0,"35":0,"36":0,"37":0,"38":0,"39":0,"40":0,"41":0,"42":0,"43":0,"44":0,"45":0,"46":0,"47":0,"48":7,"49":7,"50":0,"51":7},"f":{"0":0,"1":0,"2":0,"3":0,"4":0,"5":0,"6":0,"7":0,"8":0},"b":{"0":[7,0]},"_coverageSchema":"1a1c01bbd47fc00a2c39e90264f33305004495a9","hash":"63e5fd8194cbbac81f171625c8f9e65aa60ac7dd"}
,"C:\\Users\\eliez\\pib\\backend\\src\\socket.js": {"path":"C:\\Users\\eliez\\pib\\backend\\src\\socket.js","statementMap":{"0":{"start":{"line":3,"column":14},"end":{"line":5,"column":1}},"1":{"start":{"line":4,"column":2},"end":{"line":4,"column":24}},"2":{"start":{"line":7,"column":14},"end":{"line":12,"column":1}},"3":{"start":{"line":8,"column":2},"end":{"line":10,"column":3}},"4":{"start":{"line":9,"column":4},"end":{"line":9,"column":50}},"5":{"start":{"line":11,"column":2},"end":{"line":11,"column":12}},"6":{"start":{"line":13,"column":0},"end":{"line":13,"column":34}}},"fnMap":{"0":{"name":"(anonymous_0)","decl":{"start":{"line":3,"column":14},"end":{"line":3,"column":15}},"loc":{"start":{"line":3,"column":36},"end":{"line":5,"column":1}},"line":3},"1":{"name":"(anonymous_1)","decl":{"start":{"line":7,"column":14},"end":{"line":7,"column":15}},"loc":{"start":{"line":7,"column":20},"end":{"line":12,"column":1}},"line":7}},"branchMap":{"0":{"loc":{"start":{"line":8,"column":2},"end":{"line":10,"column":3}},"type":"if","locations":[{"start":{"line":8,"column":2},"end":{"line":10,"column":3}},{"start":{},"end":{}}],"line":8}},"s":{"0":8,"1":7,"2":8,"3":0,"4":0,"5":0,"6":8},"f":{"0":7,"1":0},"b":{"0":[0,0]},"_coverageSchema":"1a1c01bbd47fc00a2c39e90264f33305004495a9","hash":"13607cc5404f01b6c99492e40c85afd6daefd3d1"}
,"C:\\Users\\eliez\\pib\\backend\\src\\config\\db.js": {"path":"C:\\Users\\eliez\\pib\\backend\\src\\config\\db.js","statementMap":{"0":{"start":{"line":1,"column":17},"end":{"line":1,"column":30}},"1":{"start":{"line":2,"column":0},"end":{"line":2,"column":27}},"2":{"start":{"line":4,"column":13},"end":{"line":10,"column":2}},"3":{"start":{"line":12,"column":0},"end":{"line":18,"column":5}},"4":{"start":{"line":14,"column":14},"end":{"line":14,"column":47}},"5":{"start":{"line":16,"column":4},"end":{"line":16,"column":53}},"6":{"start":{"line":17,"column":4},"end":{"line":17,"column":20}},"7":{"start":{"line":20,"column":0},"end":{"line":20,"column":22}}},"fnMap":{"0":{"name":"(anonymous_0)","decl":{"start":{"line":14,"column":8},"end":{"line":14,"column":9}},"loc":{"start":{"line":14,"column":14},"end":{"line":14,"column":47}},"line":14},"1":{"name":"(anonymous_1)","decl":{"start":{"line":15,"column":9},"end":{"line":15,"column":10}},"loc":{"start":{"line":15,"column":18},"end":{"line":18,"column":3}},"line":15}},"branchMap":{},"s":{"0":14,"1":14,"2":14,"3":14,"4":13,"5":0,"6":0,"7":14},"f":{"0":13,"1":0},"b":{},"_coverageSchema":"1a1c01bbd47fc00a2c39e90264f33305004495a9","hash":"1478448eb36c385d1680ac9734ccc057fb2c9003"}
,"C:\\Users\\eliez\\pib\\backend\\src\\controllers\\authController.js": {"path":"C:\\Users\\eliez\\pib\\backend\\src\\controllers\\authController.js","statementMap":{"0":{"start":{"line":1,"column":13},"end":{"line":1,"column":36}},"1":{"start":{"line":2,"column":15},"end":{"line":2,"column":32}},"2":{"start":{"line":3,"column":12},"end":{"line":3,"column":35}},"3":{"start":{"line":4,"column":18},"end":{"line":4,"column":38}},"4":{"start":{"line":6,"column":17},"end":{"line":58,"column":1}},"5":{"start":{"line":7,"column":36},"end":{"line":7,"column":44}},"6":{"start":{"line":8,"column":2},"end":{"line":17,"column":3}},"7":{"start":{"line":16,"column":4},"end":{"line":16,"column":70}},"8":{"start":{"line":18,"column":2},"end":{"line":57,"column":3}},"9":{"start":{"line":19,"column":4},"end":{"line":21,"column":5}},"10":{"start":{"line":20,"column":6},"end":{"line":20,"column":69}},"11":{"start":{"line":22,"column":23},"end":{"line":25,"column":5}},"12":{"start":{"line":26,"column":4},"end":{"line":28,"column":5}},"13":{"start":{"line":27,"column":6},"end":{"line":27,"column":68}},"14":{"start":{"line":29,"column":27},"end":{"line":29,"column":58}},"15":{"start":{"line":30,"column":20},"end":{"line":33,"column":5}},"16":{"start":{"line":34,"column":18},"end":{"line":38,"column":5}},"17":{"start":{"line":40,"column":25},"end":{"line":44,"column":5}},"18":{"start":{"line":45,"column":4},"end":{"line":48,"column":7}},"19":{"start":{"line":49,"column":4},"end":{"line":53,"column":7}},"20":{"start":{"line":55,"column":4},"end":{"line":55,"column":48}},"21":{"start":{"line":56,"column":4},"end":{"line":56,"column":52}},"22":{"start":{"line":60,"column":14},"end":{"line":103,"column":1}},"23":{"start":{"line":61,"column":30},"end":{"line":61,"column":38}},"24":{"start":{"line":62,"column":2},"end":{"line":64,"column":3}},"25":{"start":{"line":63,"column":4},"end":{"line":63,"column":70}},"26":{"start":{"line":65,"column":2},"end":{"line":102,"column":3}},"27":{"start":{"line":66,"column":17},"end":{"line":68,"column":6}},"28":{"start":{"line":69,"column":4},"end":{"line":71,"column":5}},"29":{"start":{"line":70,"column":6},"end":{"line":70,"column":68}},"30":{"start":{"line":72,"column":26},"end":{"line":72,"column":79}},"31":{"start":{"line":73,"column":4},"end":{"line":75,"column":5}},"32":{"start":{"line":74,"column":6},"end":{"line":74,"column":68}},"33":{"start":{"line":76,"column":18},"end":{"line":80,"column":5}},"34":{"start":{"line":81,"column":25},"end":{"line":85,"column":5}},"35":{"start":{"line":86,"column":4},"end":{"line":89,"column":7}},"36":{"start":{"line":90,"column":4},"end":{"line":99,"column":7}},"37":{"start":{"line":101,"column":4},"end":{"line":101,"column":52}},"38":{"start":{"line":105,"column":21},"end":{"line":131,"column":1}},"39":{"start":{"line":106,"column":27},"end":{"line":106,"column":35}},"40":{"start":{"line":107,"column":2},"end":{"line":109,"column":3}},"41":{"start":{"line":108,"column":4},"end":{"line":108,"column":72}},"42":{"start":{"line":110,"column":2},"end":{"line":130,"column":3}},"43":{"start":{"line":111,"column":20},"end":{"line":111,"column":72}},"44":{"start":{"line":112,"column":17},"end":{"line":115,"column":5}},"45":{"start":{"line":116,"column":4},"end":{"line":118,"column":5}},"46":{"start":{"line":117,"column":6},"end":{"line":117,"column":65}},"47":{"start":{"line":119,"column":4},"end":{"line":121,"column":5}},"48":{"start":{"line":120,"column":6},"end":{"line":120,"column":72}},"49":{"start":{"line":122,"column":18},"end":{"line":126,"column":5}},"50":{"start":{"line":127,"column":4},"end":{"line":127,"column":36}},"51":{"start":{"line":129,"column":4},"end":{"line":129,"column":63}},"52":{"start":{"line":132,"column":15},"end":{"line":141,"column":1}},"53":{"start":{"line":133,"column":2},"end":{"line":140,"column":3}},"54":{"start":{"line":134,"column":4},"end":{"line":136,"column":7}},"55":{"start":{"line":137,"column":4},"end":{"line":137,"column":65}},"56":{"start":{"line":139,"column":4},"end":{"line":139,"column":51}},"57":{"start":{"line":143,"column":0},"end":{"line":148,"column":2}}},"fnMap":{"0":{"name":"(anonymous_0)","decl":{"start":{"line":6,"column":17},"end":{"line":6,"column":18}},"loc":{"start":{"line":6,"column":37},"end":{"line":58,"column":1}},"line":6},"1":{"name":"(anonymous_1)","decl":{"start":{"line":60,"column":14},"end":{"line":60,"column":15}},"loc":{"start":{"line":60,"column":34},"end":{"line":103,"column":1}},"line":60},"2":{"name":"(anonymous_2)","decl":{"start":{"line":105,"column":21},"end":{"line":105,"column":22}},"loc":{"start":{"line":105,"column":41},"end":{"line":131,"column":1}},"line":105},"3":{"name":"(anonymous_3)","decl":{"start":{"line":132,"column":15},"end":{"line":132,"column":16}},"loc":{"start":{"line":132,"column":35},"end":{"line":141,"column":1}},"line":132}},"branchMap":{"0":{"loc":{"start":{"line":8,"column":2},"end":{"line":17,"column":3}},"type":"if","locations":[{"start":{"line":8,"column":2},"end":{"line":17,"column":3}},{"start":{},"end":{}}],"line":8},"1":{"loc":{"start":{"line":9,"column":4},"end":{"line":14,"column":26}},"type":"binary-expr","locations":[{"start":{"line":9,"column":4},"end":{"line":9,"column":9}},{"start":{"line":10,"column":4},"end":{"line":10,"column":10}},{"start":{"line":11,"column":4},"end":{"line":11,"column":13}},{"start":{"line":12,"column":4},"end":{"line":12,"column":22}},{"start":{"line":13,"column":4},"end":{"line":13,"column":23}},{"start":{"line":14,"column":4},"end":{"line":14,"column":26}}],"line":9},"2":{"loc":{"start":{"line":19,"column":4},"end":{"line":21,"column":5}},"type":"if","locations":[{"start":{"line":19,"column":4},"end":{"line":21,"column":5}},{"start":{},"end":{}}],"line":19},"3":{"loc":{"start":{"line":26,"column":4},"end":{"line":28,"column":5}},"type":"if","locations":[{"start":{"line":26,"column":4},"end":{"line":28,"column":5}},{"start":{},"end":{}}],"line":26},"4":{"loc":{"start":{"line":62,"column":2},"end":{"line":64,"column":3}},"type":"if","locations":[{"start":{"line":62,"column":2},"end":{"line":64,"column":3}},{"start":{},"end":{}}],"line":62},"5":{"loc":{"start":{"line":62,"column":6},"end":{"line":62,"column":74}},"type":"binary-expr","locations":[{"start":{"line":62,"column":6},"end":{"line":62,"column":12}},{"start":{"line":62,"column":16},"end":{"line":62,"column":25}},{"start":{"line":62,"column":29},"end":{"line":62,"column":48}},{"start":{"line":62,"column":52},"end":{"line":62,"column":74}}],"line":62},"6":{"loc":{"start":{"line":69,"column":4},"end":{"line":71,"column":5}},"type":"if","locations":[{"start":{"line":69,"column":4},"end":{"line":71,"column":5}},{"start":{},"end":{}}],"line":69},"7":{"loc":{"start":{"line":73,"column":4},"end":{"line":75,"column":5}},"type":"if","locations":[{"start":{"line":73,"column":4},"end":{"line":75,"column":5}},{"start":{},"end":{}}],"line":73},"8":{"loc":{"start":{"line":107,"column":2},"end":{"line":109,"column":3}},"type":"if","locations":[{"start":{"line":107,"column":2},"end":{"line":109,"column":3}},{"start":{},"end":{}}],"line":107},"9":{"loc":{"start":{"line":116,"column":4},"end":{"line":118,"column":5}},"type":"if","locations":[{"start":{"line":116,"column":4},"end":{"line":118,"column":5}},{"start":{},"end":{}}],"line":116},"10":{"loc":{"start":{"line":119,"column":4},"end":{"line":121,"column":5}},"type":"if","locations":[{"start":{"line":119,"column":4},"end":{"line":121,"column":5}},{"start":{},"end":{}}],"line":119}},"s":{"0":9,"1":9,"2":9,"3":9,"4":9,"5":18,"6":18,"7":3,"8":15,"9":15,"10":1,"11":14,"12":14,"13":12,"14":2,"15":2,"16":2,"17":2,"18":2,"19":2,"20":0,"21":0,"22":9,"23":12,"24":12,"25":2,"26":10,"27":10,"28":10,"29":0,"30":10,"31":10,"32":3,"33":7,"34":7,"35":7,"36":7,"37":0,"38":9,"39":4,"40":4,"41":1,"42":3,"43":3,"44":2,"45":2,"46":0,"47":2,"48":0,"49":2,"50":2,"51":1,"52":9,"53":2,"54":2,"55":2,"56":0,"57":9},"f":{"0":18,"1":12,"2":4,"3":2},"b":{"0":[3,15],"1":[18,15,15,15,15,15],"2":[1,14],"3":[12,2],"4":[2,10],"5":[12,10,10,10],"6":[0,10],"7":[3,7],"8":[1,3],"9":[0,2],"10":[0,2]},"_coverageSchema":"1a1c01bbd47fc00a2c39e90264f33305004495a9","hash":"0903738fcf044db14c5c82912e454306557481db"}
,"C:\\Users\\eliez\\pib\\backend\\src\\controllers\\invoiceController.js": {"path":"C:\\Users\\eliez\\pib\\backend\\src\\controllers\\invoiceController.js","statementMap":{"0":{"start":{"line":1,"column":13},"end":{"line":1,"column":36}},"1":{"start":{"line":3,"column":23},"end":{"line":24,"column":1}},"2":{"start":{"line":4,"column":2},"end":{"line":23,"column":3}},"3":{"start":{"line":5,"column":4},"end":{"line":6,"column":62}},"4":{"start":{"line":6,"column":6},"end":{"line":6,"column":62}},"5":{"start":{"line":7,"column":21},"end":{"line":19,"column":5}},"6":{"start":{"line":20,"column":4},"end":{"line":20,"column":40}},"7":{"start":{"line":22,"column":4},"end":{"line":22,"column":52}},"8":{"start":{"line":26,"column":22},"end":{"line":48,"column":1}},"9":{"start":{"line":27,"column":18},"end":{"line":27,"column":29}},"10":{"start":{"line":28,"column":2},"end":{"line":47,"column":3}},"11":{"start":{"line":29,"column":21},"end":{"line":43,"column":5}},"12":{"start":{"line":44,"column":4},"end":{"line":44,"column":40}},"13":{"start":{"line":46,"column":4},"end":{"line":46,"column":52}},"14":{"start":{"line":50,"column":19},"end":{"line":73,"column":1}},"15":{"start":{"line":51,"column":17},"end":{"line":51,"column":27}},"16":{"start":{"line":52,"column":2},"end":{"line":72,"column":3}},"17":{"start":{"line":53,"column":20},"end":{"line":66,"column":5}},"18":{"start":{"line":67,"column":4},"end":{"line":68,"column":66}},"19":{"start":{"line":68,"column":6},"end":{"line":68,"column":66}},"20":{"start":{"line":69,"column":4},"end":{"line":69,"column":42}},"21":{"start":{"line":71,"column":4},"end":{"line":71,"column":52}},"22":{"start":{"line":75,"column":22},"end":{"line":91,"column":1}},"23":{"start":{"line":76,"column":17},"end":{"line":76,"column":27}},"24":{"start":{"line":77,"column":21},"end":{"line":77,"column":29}},"25":{"start":{"line":78,"column":2},"end":{"line":90,"column":3}},"26":{"start":{"line":79,"column":4},"end":{"line":80,"column":62}},"27":{"start":{"line":80,"column":6},"end":{"line":80,"column":62}},"28":{"start":{"line":81,"column":20},"end":{"line":84,"column":5}},"29":{"start":{"line":85,"column":4},"end":{"line":86,"column":66}},"30":{"start":{"line":86,"column":6},"end":{"line":86,"column":66}},"31":{"start":{"line":87,"column":4},"end":{"line":87,"column":42}},"32":{"start":{"line":89,"column":4},"end":{"line":89,"column":52}},"33":{"start":{"line":93,"column":22},"end":{"line":103,"column":1}},"34":{"start":{"line":94,"column":17},"end":{"line":94,"column":27}},"35":{"start":{"line":95,"column":2},"end":{"line":102,"column":3}},"36":{"start":{"line":96,"column":4},"end":{"line":97,"column":62}},"37":{"start":{"line":97,"column":6},"end":{"line":97,"column":62}},"38":{"start":{"line":98,"column":4},"end":{"line":98,"column":65}},"39":{"start":{"line":99,"column":4},"end":{"line":99,"column":57}},"40":{"start":{"line":101,"column":4},"end":{"line":101,"column":52}},"41":{"start":{"line":105,"column":0},"end":{"line":111,"column":2}}},"fnMap":{"0":{"name":"(anonymous_0)","decl":{"start":{"line":3,"column":23},"end":{"line":3,"column":24}},"loc":{"start":{"line":3,"column":43},"end":{"line":24,"column":1}},"line":3},"1":{"name":"(anonymous_1)","decl":{"start":{"line":26,"column":22},"end":{"line":26,"column":23}},"loc":{"start":{"line":26,"column":42},"end":{"line":48,"column":1}},"line":26},"2":{"name":"(anonymous_2)","decl":{"start":{"line":50,"column":19},"end":{"line":50,"column":20}},"loc":{"start":{"line":50,"column":39},"end":{"line":73,"column":1}},"line":50},"3":{"name":"(anonymous_3)","decl":{"start":{"line":75,"column":22},"end":{"line":75,"column":23}},"loc":{"start":{"line":75,"column":42},"end":{"line":91,"column":1}},"line":75},"4":{"name":"(anonymous_4)","decl":{"start":{"line":93,"column":22},"end":{"line":93,"column":23}},"loc":{"start":{"line":93,"column":42},"end":{"line":103,"column":1}},"line":93}},"branchMap":{"0":{"loc":{"start":{"line":5,"column":4},"end":{"line":6,"column":62}},"type":"if","locations":[{"start":{"line":5,"column":4},"end":{"line":6,"column":62}},{"start":{},"end":{}}],"line":5},"1":{"loc":{"start":{"line":67,"column":4},"end":{"line":68,"column":66}},"type":"if","locations":[{"start":{"line":67,"column":4},"end":{"line":68,"column":66}},{"start":{},"end":{}}],"line":67},"2":{"loc":{"start":{"line":79,"column":4},"end":{"line":80,"column":62}},"type":"if","locations":[{"start":{"line":79,"column":4},"end":{"line":80,"column":62}},{"start":{},"end":{}}],"line":79},"3":{"loc":{"start":{"line":85,"column":4},"end":{"line":86,"column":66}},"type":"if","locations":[{"start":{"line":85,"column":4},"end":{"line":86,"column":66}},{"start":{},"end":{}}],"line":85},"4":{"loc":{"start":{"line":96,"column":4},"end":{"line":97,"column":62}},"type":"if","locations":[{"start":{"line":96,"column":4},"end":{"line":97,"column":62}},{"start":{},"end":{}}],"line":96}},"s":{"0":9,"1":9,"2":5,"3":5,"4":2,"5":3,"6":3,"7":0,"8":9,"9":3,"10":3,"11":3,"12":3,"13":0,"14":9,"15":2,"16":2,"17":2,"18":2,"19":2,"20":0,"21":0,"22":9,"23":0,"24":0,"25":0,"26":0,"27":0,"28":0,"29":0,"30":0,"31":0,"32":0,"33":9,"34":2,"35":2,"36":2,"37":2,"38":0,"39":0,"40":0,"41":9},"f":{"0":5,"1":3,"2":2,"3":0,"4":2},"b":{"0":[2,3],"1":[2,0],"2":[0,0],"3":[0,0],"4":[2,0]},"_coverageSchema":"1a1c01bbd47fc00a2c39e90264f33305004495a9","hash":"5252ded0fda7e9bcd0715b07c868e90bde3cca63"}
,"C:\\Users\\eliez\\pib\\backend\\src\\controllers\\paymentController.js": {"path":"C:\\Users\\eliez\\pib\\backend\\src\\controllers\\paymentController.js","statementMap":{"0":{"start":{"line":1,"column":13},"end":{"line":1,"column":36}},"1":{"start":{"line":2,"column":15},"end":{"line":2,"column":32}},"2":{"start":{"line":3,"column":15},"end":{"line":3,"column":52}},"3":{"start":{"line":5,"column":28},"end":{"line":17,"column":1}},"4":{"start":{"line":6,"column":21},"end":{"line":6,"column":29}},"5":{"start":{"line":7,"column":2},"end":{"line":16,"column":3}},"6":{"start":{"line":8,"column":26},"end":{"line":12,"column":6}},"7":{"start":{"line":13,"column":4},"end":{"line":13,"column":60}},"8":{"start":{"line":15,"column":4},"end":{"line":15,"column":52}},"9":{"start":{"line":19,"column":29},"end":{"line":22,"column":1}},"10":{"start":{"line":20,"column":24},"end":{"line":20,"column":76}},"11":{"start":{"line":21,"column":2},"end":{"line":21,"column":23}},"12":{"start":{"line":24,"column":28},"end":{"line":27,"column":1}},"13":{"start":{"line":25,"column":24},"end":{"line":25,"column":75}},"14":{"start":{"line":26,"column":2},"end":{"line":26,"column":23}},"15":{"start":{"line":29,"column":22},"end":{"line":61,"column":1}},"16":{"start":{"line":30,"column":25},"end":{"line":30,"column":33}},"17":{"start":{"line":31,"column":19},"end":{"line":31,"column":30}},"18":{"start":{"line":32,"column":2},"end":{"line":60,"column":3}},"19":{"start":{"line":33,"column":20},"end":{"line":35,"column":6}},"20":{"start":{"line":36,"column":4},"end":{"line":38,"column":5}},"21":{"start":{"line":37,"column":6},"end":{"line":37,"column":66}},"22":{"start":{"line":39,"column":4},"end":{"line":40,"column":69}},"23":{"start":{"line":40,"column":6},"end":{"line":40,"column":69}},"24":{"start":{"line":41,"column":17},"end":{"line":43,"column":6}},"25":{"start":{"line":44,"column":19},"end":{"line":44,"column":49}},"26":{"start":{"line":45,"column":25},"end":{"line":45,"column":62}},"27":{"start":{"line":46,"column":24},"end":{"line":56,"column":5}},"28":{"start":{"line":57,"column":4},"end":{"line":57,"column":46}},"29":{"start":{"line":59,"column":4},"end":{"line":59,"column":52}},"30":{"start":{"line":62,"column":23},"end":{"line":114,"column":1}},"31":{"start":{"line":63,"column":17},"end":{"line":63,"column":27}},"32":{"start":{"line":64,"column":2},"end":{"line":113,"column":3}},"33":{"start":{"line":65,"column":24},"end":{"line":68,"column":5}},"34":{"start":{"line":69,"column":4},"end":{"line":71,"column":5}},"35":{"start":{"line":70,"column":6},"end":{"line":70,"column":70}},"36":{"start":{"line":72,"column":4},"end":{"line":74,"column":5}},"37":{"start":{"line":73,"column":6},"end":{"line":73,"column":61}},"38":{"start":{"line":75,"column":4},"end":{"line":77,"column":5}},"39":{"start":{"line":76,"column":6},"end":{"line":76,"column":79}},"40":{"start":{"line":78,"column":31},"end":{"line":81,"column":5}},"41":{"start":{"line":82,"column":20},"end":{"line":84,"column":6}},"42":{"start":{"line":85,"column":17},"end":{"line":87,"column":6}},"43":{"start":{"line":88,"column":19},"end":{"line":90,"column":6}},"44":{"start":{"line":91,"column":19},"end":{"line":93,"column":6}},"45":{"start":{"line":94,"column":4},"end":{"line":109,"column":6}},"46":{"start":{"line":110,"column":4},"end":{"line":110,"column":53}},"47":{"start":{"line":112,"column":4},"end":{"line":112,"column":52}},"48":{"start":{"line":115,"column":26},"end":{"line":139,"column":1}},"49":{"start":{"line":116,"column":17},"end":{"line":116,"column":27}},"50":{"start":{"line":117,"column":2},"end":{"line":138,"column":3}},"51":{"start":{"line":118,"column":24},"end":{"line":121,"column":5}},"52":{"start":{"line":122,"column":4},"end":{"line":124,"column":5}},"53":{"start":{"line":123,"column":6},"end":{"line":123,"column":70}},"54":{"start":{"line":125,"column":4},"end":{"line":127,"column":5}},"55":{"start":{"line":126,"column":6},"end":{"line":126,"column":61}},"56":{"start":{"line":128,"column":4},"end":{"line":130,"column":5}},"57":{"start":{"line":129,"column":6},"end":{"line":129,"column":78}},"58":{"start":{"line":131,"column":31},"end":{"line":134,"column":5}},"59":{"start":{"line":135,"column":4},"end":{"line":135,"column":53}},"60":{"start":{"line":137,"column":4},"end":{"line":137,"column":52}},"61":{"start":{"line":141,"column":26},"end":{"line":152,"column":1}},"62":{"start":{"line":142,"column":17},"end":{"line":142,"column":28}},"63":{"start":{"line":143,"column":2},"end":{"line":151,"column":3}},"64":{"start":{"line":144,"column":25},"end":{"line":147,"column":5}},"65":{"start":{"line":148,"column":4},"end":{"line":148,"column":44}},"66":{"start":{"line":150,"column":4},"end":{"line":150,"column":52}},"67":{"start":{"line":153,"column":32},"end":{"line":165,"column":1}},"68":{"start":{"line":154,"column":2},"end":{"line":164,"column":3}},"69":{"start":{"line":155,"column":4},"end":{"line":157,"column":5}},"70":{"start":{"line":156,"column":6},"end":{"line":156,"column":61}},"71":{"start":{"line":158,"column":25},"end":{"line":160,"column":5}},"72":{"start":{"line":161,"column":4},"end":{"line":161,"column":44}},"73":{"start":{"line":163,"column":4},"end":{"line":163,"column":52}},"74":{"start":{"line":166,"column":26},"end":{"line":176,"column":1}},"75":{"start":{"line":167,"column":17},"end":{"line":167,"column":27}},"76":{"start":{"line":168,"column":2},"end":{"line":175,"column":3}},"77":{"start":{"line":169,"column":4},"end":{"line":170,"column":61}},"78":{"start":{"line":170,"column":6},"end":{"line":170,"column":61}},"79":{"start":{"line":171,"column":4},"end":{"line":171,"column":69}},"80":{"start":{"line":172,"column":4},"end":{"line":172,"column":61}},"81":{"start":{"line":174,"column":4},"end":{"line":174,"column":52}},"82":{"start":{"line":177,"column":0},"end":{"line":187,"column":2}}},"fnMap":{"0":{"name":"(anonymous_0)","decl":{"start":{"line":5,"column":28},"end":{"line":5,"column":29}},"loc":{"start":{"line":5,"column":48},"end":{"line":17,"column":1}},"line":5},"1":{"name":"(anonymous_1)","decl":{"start":{"line":19,"column":29},"end":{"line":19,"column":30}},"loc":{"start":{"line":19,"column":56},"end":{"line":22,"column":1}},"line":19},"2":{"name":"(anonymous_2)","decl":{"start":{"line":24,"column":28},"end":{"line":24,"column":29}},"loc":{"start":{"line":24,"column":55},"end":{"line":27,"column":1}},"line":24},"3":{"name":"(anonymous_3)","decl":{"start":{"line":29,"column":22},"end":{"line":29,"column":23}},"loc":{"start":{"line":29,"column":42},"end":{"line":61,"column":1}},"line":29},"4":{"name":"(anonymous_4)","decl":{"start":{"line":62,"column":23},"end":{"line":62,"column":24}},"loc":{"start":{"line":62,"column":43},"end":{"line":114,"column":1}},"line":62},"5":{"name":"(anonymous_5)","decl":{"start":{"line":115,"column":26},"end":{"line":115,"column":27}},"loc":{"start":{"line":115,"column":46},"end":{"line":139,"column":1}},"line":115},"6":{"name":"(anonymous_6)","decl":{"start":{"line":141,"column":26},"end":{"line":141,"column":27}},"loc":{"start":{"line":141,"column":46},"end":{"line":152,"column":1}},"line":141},"7":{"name":"(anonymous_7)","decl":{"start":{"line":153,"column":32},"end":{"line":153,"column":33}},"loc":{"start":{"line":153,"column":52},"end":{"line":165,"column":1}},"line":153},"8":{"name":"(anonymous_8)","decl":{"start":{"line":166,"column":26},"end":{"line":166,"column":27}},"loc":{"start":{"line":166,"column":46},"end":{"line":176,"column":1}},"line":166}},"branchMap":{"0":{"loc":{"start":{"line":36,"column":4},"end":{"line":38,"column":5}},"type":"if","locations":[{"start":{"line":36,"column":4},"end":{"line":38,"column":5}},{"start":{},"end":{}}],"line":36},"1":{"loc":{"start":{"line":39,"column":4},"end":{"line":40,"column":69}},"type":"if","locations":[{"start":{"line":39,"column":4},"end":{"line":40,"column":69}},{"start":{},"end":{}}],"line":39},"2":{"loc":{"start":{"line":69,"column":4},"end":{"line":71,"column":5}},"type":"if","locations":[{"start":{"line":69,"column":4},"end":{"line":71,"column":5}},{"start":{},"end":{}}],"line":69},"3":{"loc":{"start":{"line":72,"column":4},"end":{"line":74,"column":5}},"type":"if","locations":[{"start":{"line":72,"column":4},"end":{"line":74,"column":5}},{"start":{},"end":{}}],"line":72},"4":{"loc":{"start":{"line":75,"column":4},"end":{"line":77,"column":5}},"type":"if","locations":[{"start":{"line":75,"column":4},"end":{"line":77,"column":5}},{"start":{},"end":{}}],"line":75},"5":{"loc":{"start":{"line":122,"column":4},"end":{"line":124,"column":5}},"type":"if","locations":[{"start":{"line":122,"column":4},"end":{"line":124,"column":5}},{"start":{},"end":{}}],"line":122},"6":{"loc":{"start":{"line":125,"column":4},"end":{"line":127,"column":5}},"type":"if","locations":[{"start":{"line":125,"column":4},"end":{"line":127,"column":5}},{"start":{},"end":{}}],"line":125},"7":{"loc":{"start":{"line":128,"column":4},"end":{"line":130,"column":5}},"type":"if","locations":[{"start":{"line":128,"column":4},"end":{"line":130,"column":5}},{"start":{},"end":{}}],"line":128},"8":{"loc":{"start":{"line":155,"column":4},"end":{"line":157,"column":5}},"type":"if","locations":[{"start":{"line":155,"column":4},"end":{"line":157,"column":5}},{"start":{},"end":{}}],"line":155},"9":{"loc":{"start":{"line":169,"column":4},"end":{"line":170,"column":61}},"type":"if","locations":[{"start":{"line":169,"column":4},"end":{"line":170,"column":61}},{"start":{},"end":{}}],"line":169}},"s":{"0":8,"1":8,"2":8,"3":8,"4":0,"5":0,"6":0,"7":0,"8":0,"9":8,"10":0,"11":0,"12":8,"13":0,"14":0,"15":8,"16":0,"17":0,"18":0,"19":0,"20":0,"21":0,"22":0,"23":0,"24":0,"25":0,"26":0,"27":0,"28":0,"29":0,"30":8,"31":0,"32":0,"33":0,"34":0,"35":0,"36":0,"37":0,"38":0,"39":0,"40":0,"41":0,"42":0,"43":0,"44":0,"45":0,"46":0,"47":0,"48":8,"49":0,"50":0,"51":0,"52":0,"53":0,"54":0,"55":0,"56":0,"57":0,"58":0,"59":0,"60":0,"61":8,"62":2,"63":2,"64":2,"65":2,"66":0,"67":8,"68":3,"69":3,"70":1,"71":2,"72":2,"73":0,"74":8,"75":1,"76":1,"77":1,"78":1,"79":0,"80":0,"81":0,"82":8},"f":{"0":0,"1":0,"2":0,"3":0,"4":0,"5":0,"6":2,"7":3,"8":1},"b":{"0":[0,0],"1":[0,0],"2":[0,0],"3":[0,0],"4":[0,0],"5":[0,0],"6":[0,0],"7":[0,0],"8":[1,2],"9":[1,0]},"_coverageSchema":"1a1c01bbd47fc00a2c39e90264f33305004495a9","hash":"71410681f9618137ca8e8b40ed6e75cb1f403059"}
,"C:\\Users\\eliez\\pib\\backend\\src\\controllers\\postController.js": {"path":"C:\\Users\\eliez\\pib\\backend\\src\\controllers\\postController.js","statementMap":{"0":{"start":{"line":1,"column":13},"end":{"line":1,"column":36}},"1":{"start":{"line":3,"column":19},"end":{"line":18,"column":1}},"2":{"start":{"line":4,"column":61},"end":{"line":4,"column":69}},"3":{"start":{"line":5,"column":18},"end":{"line":5,"column":29}},"4":{"start":{"line":6,"column":2},"end":{"line":8,"column":3}},"5":{"start":{"line":7,"column":4},"end":{"line":7,"column":70}},"6":{"start":{"line":9,"column":2},"end":{"line":17,"column":3}},"7":{"start":{"line":10,"column":17},"end":{"line":13,"column":5}},"8":{"start":{"line":14,"column":4},"end":{"line":14,"column":39}},"9":{"start":{"line":16,"column":4},"end":{"line":16,"column":52}},"10":{"start":{"line":20,"column":25},"end":{"line":31,"column":1}},"11":{"start":{"line":21,"column":2},"end":{"line":30,"column":3}},"12":{"start":{"line":22,"column":4},"end":{"line":23,"column":62}},"13":{"start":{"line":23,"column":6},"end":{"line":23,"column":62}},"14":{"start":{"line":24,"column":18},"end":{"line":26,"column":5}},"15":{"start":{"line":27,"column":4},"end":{"line":27,"column":37}},"16":{"start":{"line":29,"column":4},"end":{"line":29,"column":52}},"17":{"start":{"line":33,"column":20},"end":{"line":42,"column":1}},"18":{"start":{"line":34,"column":2},"end":{"line":41,"column":3}},"19":{"start":{"line":35,"column":18},"end":{"line":37,"column":5}},"20":{"start":{"line":38,"column":4},"end":{"line":38,"column":37}},"21":{"start":{"line":40,"column":4},"end":{"line":40,"column":52}},"22":{"start":{"line":44,"column":16},"end":{"line":57,"column":1}},"23":{"start":{"line":45,"column":17},"end":{"line":45,"column":27}},"24":{"start":{"line":46,"column":2},"end":{"line":56,"column":3}},"25":{"start":{"line":47,"column":17},"end":{"line":50,"column":5}},"26":{"start":{"line":51,"column":4},"end":{"line":52,"column":63}},"27":{"start":{"line":52,"column":6},"end":{"line":52,"column":63}},"28":{"start":{"line":53,"column":4},"end":{"line":53,"column":39}},"29":{"start":{"line":55,"column":4},"end":{"line":55,"column":52}},"30":{"start":{"line":58,"column":19},"end":{"line":69,"column":1}},"31":{"start":{"line":59,"column":18},"end":{"line":59,"column":29}},"32":{"start":{"line":60,"column":2},"end":{"line":68,"column":3}},"33":{"start":{"line":61,"column":18},"end":{"line":64,"column":5}},"34":{"start":{"line":65,"column":4},"end":{"line":65,"column":37}},"35":{"start":{"line":67,"column":4},"end":{"line":67,"column":52}},"36":{"start":{"line":71,"column":19},"end":{"line":89,"column":1}},"37":{"start":{"line":72,"column":17},"end":{"line":72,"column":27}},"38":{"start":{"line":73,"column":61},"end":{"line":73,"column":69}},"39":{"start":{"line":74,"column":2},"end":{"line":88,"column":3}},"40":{"start":{"line":75,"column":17},"end":{"line":75,"column":76}},"41":{"start":{"line":76,"column":4},"end":{"line":77,"column":63}},"42":{"start":{"line":77,"column":6},"end":{"line":77,"column":63}},"43":{"start":{"line":78,"column":4},"end":{"line":80,"column":5}},"44":{"start":{"line":79,"column":6},"end":{"line":79,"column":61}},"45":{"start":{"line":81,"column":20},"end":{"line":84,"column":5}},"46":{"start":{"line":85,"column":4},"end":{"line":85,"column":42}},"47":{"start":{"line":87,"column":4},"end":{"line":87,"column":52}},"48":{"start":{"line":91,"column":19},"end":{"line":105,"column":1}},"49":{"start":{"line":92,"column":17},"end":{"line":92,"column":27}},"50":{"start":{"line":93,"column":2},"end":{"line":104,"column":3}},"51":{"start":{"line":94,"column":17},"end":{"line":94,"column":76}},"52":{"start":{"line":95,"column":4},"end":{"line":96,"column":63}},"53":{"start":{"line":96,"column":6},"end":{"line":96,"column":63}},"54":{"start":{"line":97,"column":4},"end":{"line":99,"column":5}},"55":{"start":{"line":98,"column":6},"end":{"line":98,"column":61}},"56":{"start":{"line":100,"column":4},"end":{"line":100,"column":62}},"57":{"start":{"line":101,"column":4},"end":{"line":101,"column":54}},"58":{"start":{"line":103,"column":4},"end":{"line":103,"column":52}},"59":{"start":{"line":107,"column":0},"end":{"line":115,"column":2}}},"fnMap":{"0":{"name":"(anonymous_0)","decl":{"start":{"line":3,"column":19},"end":{"line":3,"column":20}},"loc":{"start":{"line":3,"column":39},"end":{"line":18,"column":1}},"line":3},"1":{"name":"(anonymous_1)","decl":{"start":{"line":20,"column":25},"end":{"line":20,"column":26}},"loc":{"start":{"line":20,"column":45},"end":{"line":31,"column":1}},"line":20},"2":{"name":"(anonymous_2)","decl":{"start":{"line":33,"column":20},"end":{"line":33,"column":21}},"loc":{"start":{"line":33,"column":40},"end":{"line":42,"column":1}},"line":33},"3":{"name":"(anonymous_3)","decl":{"start":{"line":44,"column":16},"end":{"line":44,"column":17}},"loc":{"start":{"line":44,"column":36},"end":{"line":57,"column":1}},"line":44},"4":{"name":"(anonymous_4)","decl":{"start":{"line":58,"column":19},"end":{"line":58,"column":20}},"loc":{"start":{"line":58,"column":39},"end":{"line":69,"column":1}},"line":58},"5":{"name":"(anonymous_5)","decl":{"start":{"line":71,"column":19},"end":{"line":71,"column":20}},"loc":{"start":{"line":71,"column":39},"end":{"line":89,"column":1}},"line":71},"6":{"name":"(anonymous_6)","decl":{"start":{"line":91,"column":19},"end":{"line":91,"column":20}},"loc":{"start":{"line":91,"column":39},"end":{"line":105,"column":1}},"line":91}},"branchMap":{"0":{"loc":{"start":{"line":6,"column":2},"end":{"line":8,"column":3}},"type":"if","locations":[{"start":{"line":6,"column":2},"end":{"line":8,"column":3}},{"start":{},"end":{}}],"line":6},"1":{"loc":{"start":{"line":6,"column":6},"end":{"line":6,"column":51}},"type":"binary-expr","locations":[{"start":{"line":6,"column":6},"end":{"line":6,"column":12}},{"start":{"line":6,"column":16},"end":{"line":6,"column":28}},{"start":{"line":6,"column":32},"end":{"line":6,"column":41}},{"start":{"line":6,"column":45},"end":{"line":6,"column":51}}],"line":6},"2":{"loc":{"start":{"line":22,"column":4},"end":{"line":23,"column":62}},"type":"if","locations":[{"start":{"line":22,"column":4},"end":{"line":23,"column":62}},{"start":{},"end":{}}],"line":22},"3":{"loc":{"start":{"line":51,"column":4},"end":{"line":52,"column":63}},"type":"if","locations":[{"start":{"line":51,"column":4},"end":{"line":52,"column":63}},{"start":{},"end":{}}],"line":51},"4":{"loc":{"start":{"line":76,"column":4},"end":{"line":77,"column":63}},"type":"if","locations":[{"start":{"line":76,"column":4},"end":{"line":77,"column":63}},{"start":{},"end":{}}],"line":76},"5":{"loc":{"start":{"line":78,"column":4},"end":{"line":80,"column":5}},"type":"if","locations":[{"start":{"line":78,"column":4},"end":{"line":80,"column":5}},{"start":{},"end":{}}],"line":78},"6":{"loc":{"start":{"line":78,"column":8},"end":{"line":78,"column":73}},"type":"binary-expr","locations":[{"start":{"line":78,"column":8},"end":{"line":78,"column":44}},{"start":{"line":78,"column":48},"end":{"line":78,"column":73}}],"line":78},"7":{"loc":{"start":{"line":95,"column":4},"end":{"line":96,"column":63}},"type":"if","locations":[{"start":{"line":95,"column":4},"end":{"line":96,"column":63}},{"start":{},"end":{}}],"line":95},"8":{"loc":{"start":{"line":97,"column":4},"end":{"line":99,"column":5}},"type":"if","locations":[{"start":{"line":97,"column":4},"end":{"line":99,"column":5}},{"start":{},"end":{}}],"line":97},"9":{"loc":{"start":{"line":97,"column":8},"end":{"line":97,"column":73}},"type":"binary-expr","locations":[{"start":{"line":97,"column":8},"end":{"line":97,"column":44}},{"start":{"line":97,"column":48},"end":{"line":97,"column":73}}],"line":97}},"s":{"0":8,"1":8,"2":1,"3":1,"4":1,"5":1,"6":0,"7":0,"8":0,"9":0,"10":8,"11":2,"12":2,"13":1,"14":1,"15":1,"16":0,"17":8,"18":2,"19":2,"20":2,"21":0,"22":8,"23":2,"24":2,"25":2,"26":2,"27":1,"28":1,"29":0,"30":8,"31":0,"32":0,"33":0,"34":0,"35":0,"36":8,"37":0,"38":0,"39":0,"40":0,"41":0,"42":0,"43":0,"44":0,"45":0,"46":0,"47":0,"48":8,"49":1,"50":1,"51":1,"52":1,"53":0,"54":1,"55":1,"56":0,"57":0,"58":0,"59":8},"f":{"0":1,"1":2,"2":2,"3":2,"4":0,"5":0,"6":1},"b":{"0":[1,0],"1":[1,0,0,0],"2":[1,1],"3":[1,1],"4":[0,0],"5":[0,0],"6":[0,0],"7":[0,1],"8":[1,0],"9":[1,1]},"_coverageSchema":"1a1c01bbd47fc00a2c39e90264f33305004495a9","hash":"214d307f189c71652724c3acd0820dac7784322a"}
,"C:\\Users\\eliez\\pib\\backend\\src\\controllers\\reportController.js": {"path":"C:\\Users\\eliez\\pib\\backend\\src\\controllers\\reportController.js","statementMap":{"0":{"start":{"line":1,"column":13},"end":{"line":1,"column":36}},"1":{"start":{"line":3,"column":19},"end":{"line":50,"column":1}},"2":{"start":{"line":4,"column":2},"end":{"line":49,"column":3}},"3":{"start":{"line":5,"column":4},"end":{"line":6,"column":62}},"4":{"start":{"line":6,"column":6},"end":{"line":6,"column":62}},"5":{"start":{"line":8,"column":23},"end":{"line":8,"column":69}},"6":{"start":{"line":10,"column":28},"end":{"line":12,"column":5}},"7":{"start":{"line":14,"column":35},"end":{"line":16,"column":5}},"8":{"start":{"line":18,"column":25},"end":{"line":20,"column":5}},"9":{"start":{"line":22,"column":24},"end":{"line":24,"column":5}},"10":{"start":{"line":26,"column":29},"end":{"line":28,"column":5}},"11":{"start":{"line":29,"column":20},"end":{"line":31,"column":5}},"12":{"start":{"line":33,"column":32},"end":{"line":35,"column":5}},"13":{"start":{"line":37,"column":4},"end":{"line":46,"column":7}},"14":{"start":{"line":48,"column":4},"end":{"line":48,"column":52}},"15":{"start":{"line":52,"column":0},"end":{"line":52,"column":32}}},"fnMap":{"0":{"name":"(anonymous_0)","decl":{"start":{"line":3,"column":19},"end":{"line":3,"column":20}},"loc":{"start":{"line":3,"column":39},"end":{"line":50,"column":1}},"line":3}},"branchMap":{"0":{"loc":{"start":{"line":5,"column":4},"end":{"line":6,"column":62}},"type":"if","locations":[{"start":{"line":5,"column":4},"end":{"line":6,"column":62}},{"start":{},"end":{}}],"line":5},"1":{"loc":{"start":{"line":43,"column":16},"end":{"line":43,"column":57}},"type":"binary-expr","locations":[{"start":{"line":43,"column":16},"end":{"line":43,"column":52}},{"start":{"line":43,"column":56},"end":{"line":43,"column":57}}],"line":43}},"s":{"0":7,"1":7,"2":1,"3":1,"4":0,"5":1,"6":1,"7":1,"8":1,"9":1,"10":1,"11":1,"12":1,"13":1,"14":0,"15":7},"f":{"0":1},"b":{"0":[0,1],"1":[1,0]},"_coverageSchema":"1a1c01bbd47fc00a2c39e90264f33305004495a9","hash":"04303d6d6d1df6843fe35610164cd89855874c29"}
,"C:\\Users\\eliez\\pib\\backend\\src\\controllers\\sessionController.js": {"path":"C:\\Users\\eliez\\pib\\backend\\src\\controllers\\sessionController.js","statementMap":{"0":{"start":{"line":1,"column":13},"end":{"line":1,"column":36}},"1":{"start":{"line":2,"column":18},"end":{"line":2,"column":38}},"2":{"start":{"line":4,"column":20},"end":{"line":38,"column":1}},"3":{"start":{"line":5,"column":22},"end":{"line":5,"column":30}},"4":{"start":{"line":6,"column":20},"end":{"line":6,"column":31}},"5":{"start":{"line":7,"column":2},"end":{"line":37,"column":3}},"6":{"start":{"line":8,"column":17},"end":{"line":10,"column":6}},"7":{"start":{"line":11,"column":4},"end":{"line":12,"column":63}},"8":{"start":{"line":12,"column":6},"end":{"line":12,"column":63}},"9":{"start":{"line":13,"column":4},"end":{"line":14,"column":67}},"10":{"start":{"line":14,"column":6},"end":{"line":14,"column":67}},"11":{"start":{"line":15,"column":4},"end":{"line":16,"column":80}},"12":{"start":{"line":16,"column":6},"end":{"line":16,"column":80}},"13":{"start":{"line":17,"column":20},"end":{"line":20,"column":5}},"14":{"start":{"line":21,"column":19},"end":{"line":23,"column":6}},"15":{"start":{"line":24,"column":15},"end":{"line":24,"column":22}},"16":{"start":{"line":25,"column":4},"end":{"line":31,"column":9}},"17":{"start":{"line":26,"column":6},"end":{"line":31,"column":9}},"18":{"start":{"line":33,"column":4},"end":{"line":33,"column":42}},"19":{"start":{"line":35,"column":4},"end":{"line":35,"column":52}},"20":{"start":{"line":36,"column":4},"end":{"line":36,"column":52}},"21":{"start":{"line":40,"column":22},"end":{"line":56,"column":1}},"22":{"start":{"line":41,"column":17},"end":{"line":41,"column":27}},"23":{"start":{"line":42,"column":31},"end":{"line":42,"column":39}},"24":{"start":{"line":43,"column":2},"end":{"line":55,"column":3}},"25":{"start":{"line":44,"column":4},"end":{"line":45,"column":62}},"26":{"start":{"line":45,"column":6},"end":{"line":45,"column":62}},"27":{"start":{"line":46,"column":20},"end":{"line":49,"column":5}},"28":{"start":{"line":50,"column":4},"end":{"line":51,"column":66}},"29":{"start":{"line":51,"column":6},"end":{"line":51,"column":66}},"30":{"start":{"line":52,"column":4},"end":{"line":52,"column":42}},"31":{"start":{"line":54,"column":4},"end":{"line":54,"column":52}},"32":{"start":{"line":58,"column":22},"end":{"line":93,"column":1}},"33":{"start":{"line":59,"column":17},"end":{"line":59,"column":27}},"34":{"start":{"line":60,"column":18},"end":{"line":60,"column":29}},"35":{"start":{"line":61,"column":2},"end":{"line":92,"column":3}},"36":{"start":{"line":62,"column":20},"end":{"line":64,"column":6}},"37":{"start":{"line":65,"column":4},"end":{"line":66,"column":66}},"38":{"start":{"line":66,"column":6},"end":{"line":66,"column":66}},"39":{"start":{"line":67,"column":4},"end":{"line":68,"column":72}},"40":{"start":{"line":68,"column":6},"end":{"line":68,"column":72}},"41":{"start":{"line":69,"column":4},"end":{"line":70,"column":68}},"42":{"start":{"line":70,"column":6},"end":{"line":70,"column":68}},"43":{"start":{"line":71,"column":20},"end":{"line":74,"column":5}},"44":{"start":{"line":75,"column":4},"end":{"line":78,"column":6}},"45":{"start":{"line":79,"column":4},"end":{"line":81,"column":7}},"46":{"start":{"line":82,"column":15},"end":{"line":82,"column":22}},"47":{"start":{"line":83,"column":4},"end":{"line":87,"column":9}},"48":{"start":{"line":84,"column":6},"end":{"line":87,"column":9}},"49":{"start":{"line":89,"column":4},"end":{"line":89,"column":42}},"50":{"start":{"line":91,"column":4},"end":{"line":91,"column":52}},"51":{"start":{"line":95,"column":22},"end":{"line":119,"column":1}},"52":{"start":{"line":96,"column":17},"end":{"line":96,"column":27}},"53":{"start":{"line":97,"column":18},"end":{"line":97,"column":29}},"54":{"start":{"line":98,"column":2},"end":{"line":118,"column":3}},"55":{"start":{"line":99,"column":20},"end":{"line":101,"column":6}},"56":{"start":{"line":102,"column":4},"end":{"line":103,"column":66}},"57":{"start":{"line":103,"column":6},"end":{"line":103,"column":66}},"58":{"start":{"line":104,"column":4},"end":{"line":105,"column":72}},"59":{"start":{"line":105,"column":6},"end":{"line":105,"column":72}},"60":{"start":{"line":106,"column":4},"end":{"line":108,"column":7}},"61":{"start":{"line":109,"column":15},"end":{"line":109,"column":22}},"62":{"start":{"line":110,"column":4},"end":{"line":114,"column":5}},"63":{"start":{"line":111,"column":6},"end":{"line":113,"column":9}},"64":{"start":{"line":115,"column":4},"end":{"line":115,"column":57}},"65":{"start":{"line":117,"column":4},"end":{"line":117,"column":52}},"66":{"start":{"line":121,"column":19},"end":{"line":167,"column":1}},"67":{"start":{"line":122,"column":17},"end":{"line":122,"column":27}},"68":{"start":{"line":123,"column":23},"end":{"line":123,"column":31}},"69":{"start":{"line":124,"column":2},"end":{"line":166,"column":3}},"70":{"start":{"line":125,"column":20},"end":{"line":128,"column":5}},"71":{"start":{"line":129,"column":4},"end":{"line":152,"column":5}},"72":{"start":{"line":130,"column":6},"end":{"line":132,"column":9}},"73":{"start":{"line":133,"column":19},"end":{"line":135,"column":8}},"74":{"start":{"line":136,"column":21},"end":{"line":136,"column":51}},"75":{"start":{"line":137,"column":27},"end":{"line":137,"column":64}},"76":{"start":{"line":138,"column":6},"end":{"line":147,"column":8}},"77":{"start":{"line":149,"column":6},"end":{"line":151,"column":9}},"78":{"start":{"line":153,"column":15},"end":{"line":153,"column":22}},"79":{"start":{"line":154,"column":4},"end":{"line":161,"column":5}},"80":{"start":{"line":155,"column":6},"end":{"line":157,"column":9}},"81":{"start":{"line":158,"column":6},"end":{"line":160,"column":9}},"82":{"start":{"line":162,"column":4},"end":{"line":162,"column":42}},"83":{"start":{"line":164,"column":4},"end":{"line":164,"column":51}},"84":{"start":{"line":165,"column":4},"end":{"line":165,"column":52}},"85":{"start":{"line":169,"column":19},"end":{"line":181,"column":1}},"86":{"start":{"line":170,"column":17},"end":{"line":170,"column":27}},"87":{"start":{"line":171,"column":2},"end":{"line":180,"column":3}},"88":{"start":{"line":172,"column":20},"end":{"line":174,"column":6}},"89":{"start":{"line":175,"column":4},"end":{"line":176,"column":66}},"90":{"start":{"line":176,"column":6},"end":{"line":176,"column":66}},"91":{"start":{"line":177,"column":4},"end":{"line":177,"column":42}},"92":{"start":{"line":179,"column":4},"end":{"line":179,"column":52}},"93":{"start":{"line":183,"column":22},"end":{"line":194,"column":1}},"94":{"start":{"line":184,"column":18},"end":{"line":184,"column":29}},"95":{"start":{"line":185,"column":2},"end":{"line":193,"column":3}},"96":{"start":{"line":186,"column":21},"end":{"line":189,"column":5}},"97":{"start":{"line":190,"column":4},"end":{"line":190,"column":40}},"98":{"start":{"line":192,"column":4},"end":{"line":192,"column":52}},"99":{"start":{"line":196,"column":23},"end":{"line":207,"column":1}},"100":{"start":{"line":197,"column":2},"end":{"line":206,"column":3}},"101":{"start":{"line":198,"column":4},"end":{"line":199,"column":62}},"102":{"start":{"line":199,"column":6},"end":{"line":199,"column":62}},"103":{"start":{"line":200,"column":21},"end":{"line":202,"column":5}},"104":{"start":{"line":203,"column":4},"end":{"line":203,"column":40}},"105":{"start":{"line":205,"column":4},"end":{"line":205,"column":52}},"106":{"start":{"line":209,"column":22},"end":{"line":219,"column":1}},"107":{"start":{"line":210,"column":17},"end":{"line":210,"column":27}},"108":{"start":{"line":211,"column":2},"end":{"line":218,"column":3}},"109":{"start":{"line":212,"column":4},"end":{"line":213,"column":62}},"110":{"start":{"line":213,"column":6},"end":{"line":213,"column":62}},"111":{"start":{"line":214,"column":4},"end":{"line":214,"column":65}},"112":{"start":{"line":215,"column":4},"end":{"line":215,"column":57}},"113":{"start":{"line":217,"column":4},"end":{"line":217,"column":52}},"114":{"start":{"line":221,"column":0},"end":{"line":231,"column":2}}},"fnMap":{"0":{"name":"(anonymous_0)","decl":{"start":{"line":4,"column":20},"end":{"line":4,"column":21}},"loc":{"start":{"line":4,"column":40},"end":{"line":38,"column":1}},"line":4},"1":{"name":"(anonymous_1)","decl":{"start":{"line":40,"column":22},"end":{"line":40,"column":23}},"loc":{"start":{"line":40,"column":42},"end":{"line":56,"column":1}},"line":40},"2":{"name":"(anonymous_2)","decl":{"start":{"line":58,"column":22},"end":{"line":58,"column":23}},"loc":{"start":{"line":58,"column":42},"end":{"line":93,"column":1}},"line":58},"3":{"name":"(anonymous_3)","decl":{"start":{"line":95,"column":22},"end":{"line":95,"column":23}},"loc":{"start":{"line":95,"column":42},"end":{"line":119,"column":1}},"line":95},"4":{"name":"(anonymous_4)","decl":{"start":{"line":121,"column":19},"end":{"line":121,"column":20}},"loc":{"start":{"line":121,"column":39},"end":{"line":167,"column":1}},"line":121},"5":{"name":"(anonymous_5)","decl":{"start":{"line":169,"column":19},"end":{"line":169,"column":20}},"loc":{"start":{"line":169,"column":39},"end":{"line":181,"column":1}},"line":169},"6":{"name":"(anonymous_6)","decl":{"start":{"line":183,"column":22},"end":{"line":183,"column":23}},"loc":{"start":{"line":183,"column":42},"end":{"line":194,"column":1}},"line":183},"7":{"name":"(anonymous_7)","decl":{"start":{"line":196,"column":23},"end":{"line":196,"column":24}},"loc":{"start":{"line":196,"column":43},"end":{"line":207,"column":1}},"line":196},"8":{"name":"(anonymous_8)","decl":{"start":{"line":209,"column":22},"end":{"line":209,"column":23}},"loc":{"start":{"line":209,"column":42},"end":{"line":219,"column":1}},"line":209}},"branchMap":{"0":{"loc":{"start":{"line":11,"column":4},"end":{"line":12,"column":63}},"type":"if","locations":[{"start":{"line":11,"column":4},"end":{"line":12,"column":63}},{"start":{},"end":{}}],"line":11},"1":{"loc":{"start":{"line":13,"column":4},"end":{"line":14,"column":67}},"type":"if","locations":[{"start":{"line":13,"column":4},"end":{"line":14,"column":67}},{"start":{},"end":{}}],"line":13},"2":{"loc":{"start":{"line":15,"column":4},"end":{"line":16,"column":80}},"type":"if","locations":[{"start":{"line":15,"column":4},"end":{"line":16,"column":80}},{"start":{},"end":{}}],"line":15},"3":{"loc":{"start":{"line":25,"column":4},"end":{"line":31,"column":9}},"type":"if","locations":[{"start":{"line":25,"column":4},"end":{"line":31,"column":9}},{"start":{},"end":{}}],"line":25},"4":{"loc":{"start":{"line":44,"column":4},"end":{"line":45,"column":62}},"type":"if","locations":[{"start":{"line":44,"column":4},"end":{"line":45,"column":62}},{"start":{},"end":{}}],"line":44},"5":{"loc":{"start":{"line":50,"column":4},"end":{"line":51,"column":66}},"type":"if","locations":[{"start":{"line":50,"column":4},"end":{"line":51,"column":66}},{"start":{},"end":{}}],"line":50},"6":{"loc":{"start":{"line":65,"column":4},"end":{"line":66,"column":66}},"type":"if","locations":[{"start":{"line":65,"column":4},"end":{"line":66,"column":66}},{"start":{},"end":{}}],"line":65},"7":{"loc":{"start":{"line":67,"column":4},"end":{"line":68,"column":72}},"type":"if","locations":[{"start":{"line":67,"column":4},"end":{"line":68,"column":72}},{"start":{},"end":{}}],"line":67},"8":{"loc":{"start":{"line":69,"column":4},"end":{"line":70,"column":68}},"type":"if","locations":[{"start":{"line":69,"column":4},"end":{"line":70,"column":68}},{"start":{},"end":{}}],"line":69},"9":{"loc":{"start":{"line":83,"column":4},"end":{"line":87,"column":9}},"type":"if","locations":[{"start":{"line":83,"column":4},"end":{"line":87,"column":9}},{"start":{},"end":{}}],"line":83},"10":{"loc":{"start":{"line":102,"column":4},"end":{"line":103,"column":66}},"type":"if","locations":[{"start":{"line":102,"column":4},"end":{"line":103,"column":66}},{"start":{},"end":{}}],"line":102},"11":{"loc":{"start":{"line":104,"column":4},"end":{"line":105,"column":72}},"type":"if","locations":[{"start":{"line":104,"column":4},"end":{"line":105,"column":72}},{"start":{},"end":{}}],"line":104},"12":{"loc":{"start":{"line":110,"column":4},"end":{"line":114,"column":5}},"type":"if","locations":[{"start":{"line":110,"column":4},"end":{"line":114,"column":5}},{"start":{},"end":{}}],"line":110},"13":{"loc":{"start":{"line":129,"column":4},"end":{"line":152,"column":5}},"type":"if","locations":[{"start":{"line":129,"column":4},"end":{"line":152,"column":5}},{"start":{"line":148,"column":11},"end":{"line":152,"column":5}}],"line":129},"14":{"loc":{"start":{"line":154,"column":4},"end":{"line":161,"column":5}},"type":"if","locations":[{"start":{"line":154,"column":4},"end":{"line":161,"column":5}},{"start":{},"end":{}}],"line":154},"15":{"loc":{"start":{"line":175,"column":4},"end":{"line":176,"column":66}},"type":"if","locations":[{"start":{"line":175,"column":4},"end":{"line":176,"column":66}},{"start":{},"end":{}}],"line":175},"16":{"loc":{"start":{"line":198,"column":4},"end":{"line":199,"column":62}},"type":"if","locations":[{"start":{"line":198,"column":4},"end":{"line":199,"column":62}},{"start":{},"end":{}}],"line":198},"17":{"loc":{"start":{"line":212,"column":4},"end":{"line":213,"column":62}},"type":"if","locations":[{"start":{"line":212,"column":4},"end":{"line":213,"column":62}},{"start":{},"end":{}}],"line":212}},"s":{"0":8,"1":8,"2":8,"3":0,"4":0,"5":0,"6":0,"7":0,"8":0,"9":0,"10":0,"11":0,"12":0,"13":0,"14":0,"15":0,"16":0,"17":0,"18":0,"19":0,"20":0,"21":8,"22":0,"23":0,"24":0,"25":0,"26":0,"27":0,"28":0,"29":0,"30":0,"31":0,"32":8,"33":1,"34":1,"35":1,"36":1,"37":1,"38":0,"39":1,"40":1,"41":0,"42":0,"43":0,"44":0,"45":0,"46":0,"47":0,"48":0,"49":0,"50":0,"51":8,"52":1,"53":1,"54":1,"55":1,"56":1,"57":0,"58":1,"59":1,"60":0,"61":0,"62":0,"63":0,"64":0,"65":0,"66":8,"67":0,"68":0,"69":0,"70":0,"71":0,"72":0,"73":0,"74":0,"75":0,"76":0,"77":0,"78":0,"79":0,"80":0,"81":0,"82":0,"83":0,"84":0,"85":8,"86":1,"87":1,"88":1,"89":1,"90":0,"91":1,"92":0,"93":8,"94":1,"95":1,"96":1,"97":1,"98":0,"99":8,"100":3,"101":3,"102":1,"103":2,"104":2,"105":0,"106":8,"107":2,"108":2,"109":2,"110":1,"111":1,"112":0,"113":1,"114":8},"f":{"0":0,"1":0,"2":1,"3":1,"4":0,"5":1,"6":1,"7":3,"8":2},"b":{"0":[0,0],"1":[0,0],"2":[0,0],"3":[0,0],"4":[0,0],"5":[0,0],"6":[0,1],"7":[1,0],"8":[0,0],"9":[0,0],"10":[0,1],"11":[1,0],"12":[0,0],"13":[0,0],"14":[0,0],"15":[0,1],"16":[1,2],"17":[1,1]},"_coverageSchema":"1a1c01bbd47fc00a2c39e90264f33305004495a9","hash":"3e9b4a07cc275972c90d2e985ed3068f141d21b5"}
,"C:\\Users\\eliez\\pib\\backend\\src\\controllers\\userController.js": {"path":"C:\\Users\\eliez\\pib\\backend\\src\\controllers\\userController.js","statementMap":{"0":{"start":{"line":1,"column":13},"end":{"line":1,"column":36}},"1":{"start":{"line":2,"column":15},"end":{"line":2,"column":32}},"2":{"start":{"line":3,"column":16},"end":{"line":3,"column":47}},"3":{"start":{"line":5,"column":19},"end":{"line":28,"column":1}},"4":{"start":{"line":6,"column":2},"end":{"line":7,"column":60}},"5":{"start":{"line":7,"column":4},"end":{"line":7,"column":60}},"6":{"start":{"line":8,"column":42},"end":{"line":8,"column":50}},"7":{"start":{"line":9,"column":2},"end":{"line":11,"column":3}},"8":{"start":{"line":10,"column":4},"end":{"line":10,"column":70}},"9":{"start":{"line":12,"column":2},"end":{"line":27,"column":3}},"10":{"start":{"line":13,"column":23},"end":{"line":16,"column":5}},"11":{"start":{"line":17,"column":4},"end":{"line":18,"column":68}},"12":{"start":{"line":18,"column":6},"end":{"line":18,"column":68}},"13":{"start":{"line":19,"column":27},"end":{"line":19,"column":58}},"14":{"start":{"line":20,"column":20},"end":{"line":23,"column":5}},"15":{"start":{"line":24,"column":4},"end":{"line":24,"column":42}},"16":{"start":{"line":26,"column":4},"end":{"line":26,"column":52}},"17":{"start":{"line":30,"column":20},"end":{"line":41,"column":1}},"18":{"start":{"line":31,"column":2},"end":{"line":40,"column":3}},"19":{"start":{"line":32,"column":4},"end":{"line":33,"column":62}},"20":{"start":{"line":33,"column":6},"end":{"line":33,"column":62}},"21":{"start":{"line":34,"column":18},"end":{"line":36,"column":5}},"22":{"start":{"line":37,"column":4},"end":{"line":37,"column":37}},"23":{"start":{"line":39,"column":4},"end":{"line":39,"column":52}},"24":{"start":{"line":43,"column":16},"end":{"line":56,"column":1}},"25":{"start":{"line":44,"column":17},"end":{"line":44,"column":27}},"26":{"start":{"line":45,"column":2},"end":{"line":55,"column":3}},"27":{"start":{"line":46,"column":17},"end":{"line":49,"column":5}},"28":{"start":{"line":50,"column":4},"end":{"line":51,"column":63}},"29":{"start":{"line":51,"column":6},"end":{"line":51,"column":63}},"30":{"start":{"line":52,"column":4},"end":{"line":52,"column":39}},"31":{"start":{"line":54,"column":4},"end":{"line":54,"column":52}},"32":{"start":{"line":57,"column":21},"end":{"line":70,"column":1}},"33":{"start":{"line":58,"column":2},"end":{"line":69,"column":3}},"34":{"start":{"line":59,"column":4},"end":{"line":59,"column":62}},"35":{"start":{"line":60,"column":17},"end":{"line":63,"column":5}},"36":{"start":{"line":64,"column":4},"end":{"line":64,"column":52}},"37":{"start":{"line":65,"column":4},"end":{"line":65,"column":39}},"38":{"start":{"line":67,"column":4},"end":{"line":67,"column":56}},"39":{"start":{"line":68,"column":4},"end":{"line":68,"column":52}},"40":{"start":{"line":72,"column":19},"end":{"line":110,"column":1}},"41":{"start":{"line":73,"column":17},"end":{"line":73,"column":27}},"42":{"start":{"line":84,"column":6},"end":{"line":84,"column":20}},"43":{"start":{"line":85,"column":2},"end":{"line":109,"column":3}},"44":{"start":{"line":86,"column":4},"end":{"line":88,"column":5}},"45":{"start":{"line":87,"column":6},"end":{"line":87,"column":61}},"46":{"start":{"line":89,"column":20},"end":{"line":103,"column":5}},"47":{"start":{"line":104,"column":4},"end":{"line":105,"column":63}},"48":{"start":{"line":105,"column":6},"end":{"line":105,"column":63}},"49":{"start":{"line":106,"column":4},"end":{"line":106,"column":42}},"50":{"start":{"line":108,"column":4},"end":{"line":108,"column":52}},"51":{"start":{"line":112,"column":19},"end":{"line":123,"column":1}},"52":{"start":{"line":113,"column":17},"end":{"line":113,"column":27}},"53":{"start":{"line":114,"column":2},"end":{"line":122,"column":3}},"54":{"start":{"line":115,"column":4},"end":{"line":117,"column":5}},"55":{"start":{"line":116,"column":6},"end":{"line":116,"column":61}},"56":{"start":{"line":118,"column":4},"end":{"line":118,"column":62}},"57":{"start":{"line":119,"column":4},"end":{"line":119,"column":54}},"58":{"start":{"line":121,"column":4},"end":{"line":121,"column":52}},"59":{"start":{"line":125,"column":19},"end":{"line":136,"column":1}},"60":{"start":{"line":126,"column":19},"end":{"line":126,"column":28}},"61":{"start":{"line":127,"column":2},"end":{"line":135,"column":3}},"62":{"start":{"line":128,"column":18},"end":{"line":131,"column":5}},"63":{"start":{"line":132,"column":4},"end":{"line":132,"column":37}},"64":{"start":{"line":134,"column":4},"end":{"line":134,"column":52}},"65":{"start":{"line":138,"column":0},"end":{"line":146,"column":2}}},"fnMap":{"0":{"name":"(anonymous_0)","decl":{"start":{"line":5,"column":19},"end":{"line":5,"column":20}},"loc":{"start":{"line":5,"column":39},"end":{"line":28,"column":1}},"line":5},"1":{"name":"(anonymous_1)","decl":{"start":{"line":30,"column":20},"end":{"line":30,"column":21}},"loc":{"start":{"line":30,"column":40},"end":{"line":41,"column":1}},"line":30},"2":{"name":"(anonymous_2)","decl":{"start":{"line":43,"column":16},"end":{"line":43,"column":17}},"loc":{"start":{"line":43,"column":36},"end":{"line":56,"column":1}},"line":43},"3":{"name":"(anonymous_3)","decl":{"start":{"line":57,"column":21},"end":{"line":57,"column":22}},"loc":{"start":{"line":57,"column":41},"end":{"line":70,"column":1}},"line":57},"4":{"name":"(anonymous_4)","decl":{"start":{"line":72,"column":19},"end":{"line":72,"column":20}},"loc":{"start":{"line":72,"column":39},"end":{"line":110,"column":1}},"line":72},"5":{"name":"(anonymous_5)","decl":{"start":{"line":112,"column":19},"end":{"line":112,"column":20}},"loc":{"start":{"line":112,"column":39},"end":{"line":123,"column":1}},"line":112},"6":{"name":"(anonymous_6)","decl":{"start":{"line":125,"column":19},"end":{"line":125,"column":20}},"loc":{"start":{"line":125,"column":39},"end":{"line":136,"column":1}},"line":125}},"branchMap":{"0":{"loc":{"start":{"line":6,"column":2},"end":{"line":7,"column":60}},"type":"if","locations":[{"start":{"line":6,"column":2},"end":{"line":7,"column":60}},{"start":{},"end":{}}],"line":6},"1":{"loc":{"start":{"line":9,"column":2},"end":{"line":11,"column":3}},"type":"if","locations":[{"start":{"line":9,"column":2},"end":{"line":11,"column":3}},{"start":{},"end":{}}],"line":9},"2":{"loc":{"start":{"line":9,"column":6},"end":{"line":9,"column":34}},"type":"binary-expr","locations":[{"start":{"line":9,"column":6},"end":{"line":9,"column":11}},{"start":{"line":9,"column":15},"end":{"line":9,"column":21}},{"start":{"line":9,"column":25},"end":{"line":9,"column":34}}],"line":9},"3":{"loc":{"start":{"line":17,"column":4},"end":{"line":18,"column":68}},"type":"if","locations":[{"start":{"line":17,"column":4},"end":{"line":18,"column":68}},{"start":{},"end":{}}],"line":17},"4":{"loc":{"start":{"line":22,"column":36},"end":{"line":22,"column":50}},"type":"binary-expr","locations":[{"start":{"line":22,"column":36},"end":{"line":22,"column":40}},{"start":{"line":22,"column":44},"end":{"line":22,"column":50}}],"line":22},"5":{"loc":{"start":{"line":32,"column":4},"end":{"line":33,"column":62}},"type":"if","locations":[{"start":{"line":32,"column":4},"end":{"line":33,"column":62}},{"start":{},"end":{}}],"line":32},"6":{"loc":{"start":{"line":50,"column":4},"end":{"line":51,"column":63}},"type":"if","locations":[{"start":{"line":50,"column":4},"end":{"line":51,"column":63}},{"start":{},"end":{}}],"line":50},"7":{"loc":{"start":{"line":84,"column":6},"end":{"line":84,"column":20}},"type":"binary-expr","locations":[{"start":{"line":84,"column":6},"end":{"line":84,"column":14}},{"start":{"line":84,"column":18},"end":{"line":84,"column":20}}],"line":84},"8":{"loc":{"start":{"line":86,"column":4},"end":{"line":88,"column":5}},"type":"if","locations":[{"start":{"line":86,"column":4},"end":{"line":88,"column":5}},{"start":{},"end":{}}],"line":86},"9":{"loc":{"start":{"line":86,"column":8},"end":{"line":86,"column":65}},"type":"binary-expr","locations":[{"start":{"line":86,"column":8},"end":{"line":86,"column":33}},{"start":{"line":86,"column":37},"end":{"line":86,"column":65}}],"line":86},"10":{"loc":{"start":{"line":104,"column":4},"end":{"line":105,"column":63}},"type":"if","locations":[{"start":{"line":104,"column":4},"end":{"line":105,"column":63}},{"start":{},"end":{}}],"line":104},"11":{"loc":{"start":{"line":115,"column":4},"end":{"line":117,"column":5}},"type":"if","locations":[{"start":{"line":115,"column":4},"end":{"line":117,"column":5}},{"start":{},"end":{}}],"line":115},"12":{"loc":{"start":{"line":115,"column":8},"end":{"line":115,"column":65}},"type":"binary-expr","locations":[{"start":{"line":115,"column":8},"end":{"line":115,"column":33}},{"start":{"line":115,"column":37},"end":{"line":115,"column":65}}],"line":115}},"s":{"0":8,"1":8,"2":8,"3":8,"4":0,"5":0,"6":0,"7":0,"8":0,"9":0,"10":0,"11":0,"12":0,"13":0,"14":0,"15":0,"16":0,"17":8,"18":1,"19":1,"20":1,"21":0,"22":0,"23":0,"24":8,"25":2,"26":2,"27":2,"28":2,"29":1,"30":1,"31":0,"32":8,"33":0,"34":0,"35":0,"36":0,"37":0,"38":0,"39":0,"40":8,"41":0,"42":0,"43":0,"44":0,"45":0,"46":0,"47":0,"48":0,"49":0,"50":0,"51":8,"52":1,"53":1,"54":1,"55":1,"56":0,"57":0,"58":0,"59":8,"60":1,"61":1,"62":1,"63":1,"64":0,"65":8},"f":{"0":0,"1":1,"2":2,"3":0,"4":0,"5":1,"6":1},"b":{"0":[0,0],"1":[0,0],"2":[0,0,0],"3":[0,0],"4":[0,0],"5":[1,0],"6":[1,1],"7":[0,0],"8":[0,0],"9":[0,0],"10":[0,0],"11":[1,0],"12":[1,1]},"_coverageSchema":"1a1c01bbd47fc00a2c39e90264f33305004495a9","hash":"47f1c284e1dfd3296fb1591966226fdfedbed65f"}
,"C:\\Users\\eliez\\pib\\backend\\src\\middleware\\auth.js": {"path":"C:\\Users\\eliez\\pib\\backend\\src\\middleware\\auth.js","statementMap":{"0":{"start":{"line":1,"column":12},"end":{"line":1,"column":35}},"1":{"start":{"line":3,"column":21},"end":{"line":13,"column":1}},"2":{"start":{"line":4,"column":16},"end":{"line":4,"column":56}},"3":{"start":{"line":5,"column":2},"end":{"line":5,"column":76}},"4":{"start":{"line":5,"column":14},"end":{"line":5,"column":76}},"5":{"start":{"line":6,"column":2},"end":{"line":12,"column":3}},"6":{"start":{"line":7,"column":20},"end":{"line":7,"column":61}},"7":{"start":{"line":8,"column":4},"end":{"line":8,"column":23}},"8":{"start":{"line":9,"column":4},"end":{"line":9,"column":11}},"9":{"start":{"line":11,"column":4},"end":{"line":11,"column":55}},"10":{"start":{"line":15,"column":0},"end":{"line":15,"column":34}}},"fnMap":{"0":{"name":"(anonymous_0)","decl":{"start":{"line":3,"column":21},"end":{"line":3,"column":22}},"loc":{"start":{"line":3,"column":41},"end":{"line":13,"column":1}},"line":3}},"branchMap":{"0":{"loc":{"start":{"line":5,"column":2},"end":{"line":5,"column":76}},"type":"if","locations":[{"start":{"line":5,"column":2},"end":{"line":5,"column":76}},{"start":{},"end":{}}],"line":5}},"s":{"0":8,"1":8,"2":24,"3":24,"4":1,"5":23,"6":23,"7":10,"8":10,"9":13,"10":8},"f":{"0":24},"b":{"0":[1,23]},"_coverageSchema":"1a1c01bbd47fc00a2c39e90264f33305004495a9","hash":"010b087c32e4391ed5e481156f10c448f1712db2"}
,"C:\\Users\\eliez\\pib\\backend\\src\\routes\\authRoutes.js": {"path":"C:\\Users\\eliez\\pib\\backend\\src\\routes\\authRoutes.js","statementMap":{"0":{"start":{"line":1,"column":16},"end":{"line":1,"column":34}},"1":{"start":{"line":2,"column":15},"end":{"line":2,"column":31}},"2":{"start":{"line":8,"column":4},"end":{"line":8,"column":44}},"3":{"start":{"line":9,"column":25},"end":{"line":9,"column":54}},"4":{"start":{"line":11,"column":0},"end":{"line":11,"column":35}},"5":{"start":{"line":12,"column":0},"end":{"line":12,"column":29}},"6":{"start":{"line":13,"column":0},"end":{"line":13,"column":38}},"7":{"start":{"line":14,"column":0},"end":{"line":14,"column":45}},"8":{"start":{"line":16,"column":0},"end":{"line":16,"column":24}}},"fnMap":{},"branchMap":{},"s":{"0":8,"1":8,"2":8,"3":8,"4":8,"5":8,"6":8,"7":8,"8":8},"f":{},"b":{},"_coverageSchema":"1a1c01bbd47fc00a2c39e90264f33305004495a9","hash":"cc926fda6f8ab5430b6fbad8380b74d641244055"}
,"C:\\Users\\eliez\\pib\\backend\\src\\routes\\invoiceRoutes.js": {"path":"C:\\Users\\eliez\\pib\\backend\\src\\routes\\invoiceRoutes.js","statementMap":{"0":{"start":{"line":1,"column":16},"end":{"line":1,"column":34}},"1":{"start":{"line":2,"column":15},"end":{"line":2,"column":31}},"2":{"start":{"line":9,"column":4},"end":{"line":9,"column":47}},"3":{"start":{"line":10,"column":25},"end":{"line":10,"column":54}},"4":{"start":{"line":12,"column":0},"end":{"line":12,"column":46}},"5":{"start":{"line":13,"column":0},"end":{"line":13,"column":55}},"6":{"start":{"line":14,"column":0},"end":{"line":14,"column":45}},"7":{"start":{"line":15,"column":0},"end":{"line":15,"column":48}},"8":{"start":{"line":16,"column":0},"end":{"line":16,"column":51}},"9":{"start":{"line":18,"column":0},"end":{"line":18,"column":24}}},"fnMap":{},"branchMap":{},"s":{"0":7,"1":7,"2":7,"3":7,"4":7,"5":7,"6":7,"7":7,"8":7,"9":7},"f":{},"b":{},"_coverageSchema":"1a1c01bbd47fc00a2c39e90264f33305004495a9","hash":"a5620a796be3a9730a700400776aff94aed3941f"}
,"C:\\Users\\eliez\\pib\\backend\\src\\routes\\paymentRoutes.js": {"path":"C:\\Users\\eliez\\pib\\backend\\src\\routes\\paymentRoutes.js","statementMap":{"0":{"start":{"line":1,"column":16},"end":{"line":1,"column":34}},"1":{"start":{"line":2,"column":15},"end":{"line":2,"column":31}},"2":{"start":{"line":11,"column":4},"end":{"line":11,"column":47}},"3":{"start":{"line":12,"column":25},"end":{"line":12,"column":54}},"4":{"start":{"line":14,"column":0},"end":{"line":14,"column":46}},"5":{"start":{"line":15,"column":0},"end":{"line":15,"column":65}},"6":{"start":{"line":16,"column":0},"end":{"line":16,"column":63}},"7":{"start":{"line":17,"column":0},"end":{"line":17,"column":58}},"8":{"start":{"line":18,"column":0},"end":{"line":18,"column":57}},"9":{"start":{"line":19,"column":0},"end":{"line":19,"column":59}},"10":{"start":{"line":20,"column":0},"end":{"line":20,"column":55}},"11":{"start":{"line":22,"column":0},"end":{"line":22,"column":24}}},"fnMap":{},"branchMap":{},"s":{"0":7,"1":7,"2":7,"3":7,"4":7,"5":7,"6":7,"7":7,"8":7,"9":7,"10":7,"11":7},"f":{},"b":{},"_coverageSchema":"1a1c01bbd47fc00a2c39e90264f33305004495a9","hash":"8d47140e41fed76a311653ea2ee8e969bcd3468b"}
,"C:\\Users\\eliez\\pib\\backend\\src\\routes\\postRoutes.js": {"path":"C:\\Users\\eliez\\pib\\backend\\src\\routes\\postRoutes.js","statementMap":{"0":{"start":{"line":1,"column":16},"end":{"line":1,"column":34}},"1":{"start":{"line":2,"column":15},"end":{"line":2,"column":31}},"2":{"start":{"line":11,"column":4},"end":{"line":11,"column":44}},"3":{"start":{"line":12,"column":25},"end":{"line":12,"column":54}},"4":{"start":{"line":14,"column":0},"end":{"line":14,"column":29}},"5":{"start":{"line":15,"column":0},"end":{"line":15,"column":51}},"6":{"start":{"line":16,"column":0},"end":{"line":16,"column":44}},"7":{"start":{"line":17,"column":0},"end":{"line":17,"column":42}},"8":{"start":{"line":18,"column":0},"end":{"line":18,"column":43}},"9":{"start":{"line":19,"column":0},"end":{"line":19,"column":45}},"10":{"start":{"line":20,"column":0},"end":{"line":20,"column":48}},"11":{"start":{"line":22,"column":0},"end":{"line":22,"column":24}}},"fnMap":{},"branchMap":{},"s":{"0":7,"1":7,"2":7,"3":7,"4":7,"5":7,"6":7,"7":7,"8":7,"9":7,"10":7,"11":7},"f":{},"b":{},"_coverageSchema":"1a1c01bbd47fc00a2c39e90264f33305004495a9","hash":"c6190c225364b2fe4051c675c0a9eed57d6560ef"}
,"C:\\Users\\eliez\\pib\\backend\\src\\routes\\reportRoute.js": {"path":"C:\\Users\\eliez\\pib\\backend\\src\\routes\\reportRoute.js","statementMap":{"0":{"start":{"line":1,"column":16},"end":{"line":1,"column":34}},"1":{"start":{"line":2,"column":15},"end":{"line":2,"column":31}},"2":{"start":{"line":3,"column":23},"end":{"line":3,"column":65}},"3":{"start":{"line":4,"column":25},"end":{"line":4,"column":54}},"4":{"start":{"line":6,"column":0},"end":{"line":6,"column":42}},"5":{"start":{"line":8,"column":0},"end":{"line":8,"column":24}}},"fnMap":{},"branchMap":{},"s":{"0":7,"1":7,"2":7,"3":7,"4":7,"5":7},"f":{},"b":{},"_coverageSchema":"1a1c01bbd47fc00a2c39e90264f33305004495a9","hash":"c1d0cd087ebb709ba10c4c556c9123b82bc00d2f"}
,"C:\\Users\\eliez\\pib\\backend\\src\\routes\\sessionRoutes.js": {"path":"C:\\Users\\eliez\\pib\\backend\\src\\routes\\sessionRoutes.js","statementMap":{"0":{"start":{"line":1,"column":16},"end":{"line":1,"column":34}},"1":{"start":{"line":2,"column":15},"end":{"line":2,"column":31}},"2":{"start":{"line":13,"column":4},"end":{"line":13,"column":47}},"3":{"start":{"line":14,"column":25},"end":{"line":14,"column":54}},"4":{"start":{"line":16,"column":0},"end":{"line":16,"column":49}},"5":{"start":{"line":17,"column":0},"end":{"line":17,"column":55}},"6":{"start":{"line":18,"column":0},"end":{"line":18,"column":45}},"7":{"start":{"line":19,"column":0},"end":{"line":19,"column":48}},"8":{"start":{"line":20,"column":0},"end":{"line":20,"column":48}},"9":{"start":{"line":21,"column":0},"end":{"line":21,"column":55}},"10":{"start":{"line":22,"column":0},"end":{"line":22,"column":55}},"11":{"start":{"line":23,"column":0},"end":{"line":23,"column":49}},"12":{"start":{"line":24,"column":0},"end":{"line":24,"column":51}},"13":{"start":{"line":26,"column":0},"end":{"line":26,"column":24}}},"fnMap":{},"branchMap":{},"s":{"0":7,"1":7,"2":7,"3":7,"4":7,"5":7,"6":7,"7":7,"8":7,"9":7,"10":7,"11":7,"12":7,"13":7},"f":{},"b":{},"_coverageSchema":"1a1c01bbd47fc00a2c39e90264f33305004495a9","hash":"e524709c3a7f8ccc8f5066281a01eafaa9b21639"}
,"C:\\Users\\eliez\\pib\\backend\\src\\routes\\userRoutes.js": {"path":"C:\\Users\\eliez\\pib\\backend\\src\\routes\\userRoutes.js","statementMap":{"0":{"start":{"line":1,"column":16},"end":{"line":1,"column":34}},"1":{"start":{"line":2,"column":15},"end":{"line":2,"column":31}},"2":{"start":{"line":11,"column":4},"end":{"line":11,"column":44}},"3":{"start":{"line":12,"column":25},"end":{"line":12,"column":54}},"4":{"start":{"line":14,"column":0},"end":{"line":14,"column":43}},"5":{"start":{"line":15,"column":0},"end":{"line":15,"column":48}},"6":{"start":{"line":16,"column":0},"end":{"line":16,"column":53}},"7":{"start":{"line":17,"column":0},"end":{"line":17,"column":43}},"8":{"start":{"line":18,"column":0},"end":{"line":18,"column":42}},"9":{"start":{"line":19,"column":0},"end":{"line":19,"column":45}},"10":{"start":{"line":20,"column":0},"end":{"line":20,"column":48}},"11":{"start":{"line":22,"column":0},"end":{"line":22,"column":24}}},"fnMap":{},"branchMap":{},"s":{"0":7,"1":7,"2":7,"3":7,"4":7,"5":7,"6":7,"7":7,"8":7,"9":7,"10":7,"11":7},"f":{},"b":{},"_coverageSchema":"1a1c01bbd47fc00a2c39e90264f33305004495a9","hash":"72fd8ce4150161b0dd1287b21874deb8af19f3e0"}
}
