TN:
SF:src\index.js
FN:45,(anonymous_0)
FN:47,(anonymous_1)
FN:49,(anonymous_2)
FN:53,(anonymous_3)
FN:54,(anonymous_4)
FN:57,(anonymous_5)
FN:60,(anonymous_6)
FN:63,(anonymous_7)
FN:67,(anonymous_8)
FNF:9
FNH:0
FNDA:0,(anonymous_0)
FNDA:0,(anonymous_1)
FNDA:0,(anonymous_2)
FNDA:0,(anonymous_3)
FNDA:0,(anonymous_4)
FNDA:0,(anonymous_5)
FNDA:0,(anonymous_6)
FNDA:0,(anonymous_7)
FNDA:0,(anonymous_8)
DA:1,7
DA:2,7
DA:3,7
DA:4,7
DA:5,7
DA:6,7
DA:8,7
DA:9,7
DA:11,7
DA:12,7
DA:13,7
DA:15,7
DA:16,7
DA:18,7
DA:19,7
DA:20,7
DA:21,7
DA:29,7
DA:30,7
DA:31,7
DA:32,7
DA:33,7
DA:34,7
DA:35,7
DA:37,7
DA:38,7
DA:39,7
DA:40,7
DA:41,7
DA:42,7
DA:43,7
DA:45,7
DA:47,7
DA:48,0
DA:49,0
DA:50,0
DA:51,0
DA:53,0
DA:54,0
DA:55,0
DA:57,0
DA:58,0
DA:60,0
DA:61,0
DA:63,0
DA:66,7
DA:67,7
DA:69,7
LF:48
LH:36
BRDA:66,0,0,7
BRDA:66,0,1,0
BRF:2
BRH:1
end_of_record
TN:
SF:src\socket.js
FN:3,(anonymous_0)
FN:7,(anonymous_1)
FNF:2
FNH:1
FNDA:7,(anonymous_0)
FNDA:0,(anonymous_1)
DA:3,8
DA:4,7
DA:7,8
DA:8,0
DA:9,0
DA:11,0
DA:13,8
LF:7
LH:4
BRDA:8,0,0,0
BRDA:8,0,1,0
BRF:2
BRH:0
end_of_record
TN:
SF:src\config\db.js
FN:14,(anonymous_0)
FN:15,(anonymous_1)
FNF:2
FNH:1
FNDA:13,(anonymous_0)
FNDA:0,(anonymous_1)
DA:1,14
DA:2,14
DA:4,14
DA:12,14
DA:14,13
DA:16,0
DA:17,0
DA:20,14
LF:8
LH:6
BRF:0
BRH:0
end_of_record
TN:
SF:src\controllers\authController.js
FN:6,(anonymous_0)
FN:60,(anonymous_1)
FN:105,(anonymous_2)
FN:132,(anonymous_3)
FNF:4
FNH:4
FNDA:18,(anonymous_0)
FNDA:12,(anonymous_1)
FNDA:4,(anonymous_2)
FNDA:2,(anonymous_3)
DA:1,9
DA:2,9
DA:3,9
DA:4,9
DA:6,9
DA:7,18
DA:8,18
DA:16,3
DA:18,15
DA:19,15
DA:20,1
DA:22,14
DA:26,14
DA:27,12
DA:29,2
DA:30,2
DA:34,2
DA:40,2
DA:45,2
DA:49,2
DA:55,0
DA:56,0
DA:60,9
DA:61,12
DA:62,12
DA:63,2
DA:65,10
DA:66,10
DA:69,10
DA:70,0
DA:72,10
DA:73,10
DA:74,3
DA:76,7
DA:81,7
DA:86,7
DA:90,7
DA:101,0
DA:105,9
DA:106,4
DA:107,4
DA:108,1
DA:110,3
DA:111,3
DA:112,2
DA:116,2
DA:117,0
DA:119,2
DA:120,0
DA:122,2
DA:127,2
DA:129,1
DA:132,9
DA:133,2
DA:134,2
DA:137,2
DA:139,0
DA:143,9
LF:58
LH:51
BRDA:8,0,0,3
BRDA:8,0,1,15
BRDA:9,1,0,18
BRDA:9,1,1,15
BRDA:9,1,2,15
BRDA:9,1,3,15
BRDA:9,1,4,15
BRDA:9,1,5,15
BRDA:19,2,0,1
BRDA:19,2,1,14
BRDA:26,3,0,12
BRDA:26,3,1,2
BRDA:62,4,0,2
BRDA:62,4,1,10
BRDA:62,5,0,12
BRDA:62,5,1,10
BRDA:62,5,2,10
BRDA:62,5,3,10
BRDA:69,6,0,0
BRDA:69,6,1,10
BRDA:73,7,0,3
BRDA:73,7,1,7
BRDA:107,8,0,1
BRDA:107,8,1,3
BRDA:116,9,0,0
BRDA:116,9,1,2
BRDA:119,10,0,0
BRDA:119,10,1,2
BRF:28
BRH:25
end_of_record
TN:
SF:src\controllers\invoiceController.js
FN:3,(anonymous_0)
FN:26,(anonymous_1)
FN:50,(anonymous_2)
FN:75,(anonymous_3)
FN:93,(anonymous_4)
FNF:5
FNH:4
FNDA:5,(anonymous_0)
FNDA:3,(anonymous_1)
FNDA:2,(anonymous_2)
FNDA:0,(anonymous_3)
FNDA:2,(anonymous_4)
DA:1,9
DA:3,9
DA:4,5
DA:5,5
DA:6,2
DA:7,3
DA:20,3
DA:22,0
DA:26,9
DA:27,3
DA:28,3
DA:29,3
DA:44,3
DA:46,0
DA:50,9
DA:51,2
DA:52,2
DA:53,2
DA:67,2
DA:68,2
DA:69,0
DA:71,0
DA:75,9
DA:76,0
DA:77,0
DA:78,0
DA:79,0
DA:80,0
DA:81,0
DA:85,0
DA:86,0
DA:87,0
DA:89,0
DA:93,9
DA:94,2
DA:95,2
DA:96,2
DA:97,2
DA:98,0
DA:99,0
DA:101,0
DA:105,9
LF:42
LH:25
BRDA:5,0,0,2
BRDA:5,0,1,3
BRDA:67,1,0,2
BRDA:67,1,1,0
BRDA:79,2,0,0
BRDA:79,2,1,0
BRDA:85,3,0,0
BRDA:85,3,1,0
BRDA:96,4,0,2
BRDA:96,4,1,0
BRF:10
BRH:4
end_of_record
TN:
SF:src\controllers\paymentController.js
FN:5,(anonymous_0)
FN:19,(anonymous_1)
FN:24,(anonymous_2)
FN:29,(anonymous_3)
FN:62,(anonymous_4)
FN:115,(anonymous_5)
FN:141,(anonymous_6)
FN:153,(anonymous_7)
FN:166,(anonymous_8)
FNF:9
FNH:3
FNDA:0,(anonymous_0)
FNDA:0,(anonymous_1)
FNDA:0,(anonymous_2)
FNDA:0,(anonymous_3)
FNDA:0,(anonymous_4)
FNDA:0,(anonymous_5)
FNDA:2,(anonymous_6)
FNDA:3,(anonymous_7)
FNDA:1,(anonymous_8)
DA:1,8
DA:2,8
DA:3,8
DA:5,8
DA:6,0
DA:7,0
DA:8,0
DA:13,0
DA:15,0
DA:19,8
DA:20,0
DA:21,0
DA:24,8
DA:25,0
DA:26,0
DA:29,8
DA:30,0
DA:31,0
DA:32,0
DA:33,0
DA:36,0
DA:37,0
DA:39,0
DA:40,0
DA:41,0
DA:44,0
DA:45,0
DA:46,0
DA:57,0
DA:59,0
DA:62,8
DA:63,0
DA:64,0
DA:65,0
DA:69,0
DA:70,0
DA:72,0
DA:73,0
DA:75,0
DA:76,0
DA:78,0
DA:82,0
DA:85,0
DA:88,0
DA:91,0
DA:94,0
DA:110,0
DA:112,0
DA:115,8
DA:116,0
DA:117,0
DA:118,0
DA:122,0
DA:123,0
DA:125,0
DA:126,0
DA:128,0
DA:129,0
DA:131,0
DA:135,0
DA:137,0
DA:141,8
DA:142,2
DA:143,2
DA:144,2
DA:148,2
DA:150,0
DA:153,8
DA:154,3
DA:155,3
DA:156,1
DA:158,2
DA:161,2
DA:163,0
DA:166,8
DA:167,1
DA:168,1
DA:169,1
DA:170,1
DA:171,0
DA:172,0
DA:174,0
DA:177,8
LF:83
LH:26
BRDA:36,0,0,0
BRDA:36,0,1,0
BRDA:39,1,0,0
BRDA:39,1,1,0
BRDA:69,2,0,0
BRDA:69,2,1,0
BRDA:72,3,0,0
BRDA:72,3,1,0
BRDA:75,4,0,0
BRDA:75,4,1,0
BRDA:122,5,0,0
BRDA:122,5,1,0
BRDA:125,6,0,0
BRDA:125,6,1,0
BRDA:128,7,0,0
BRDA:128,7,1,0
BRDA:155,8,0,1
BRDA:155,8,1,2
BRDA:169,9,0,1
BRDA:169,9,1,0
BRF:20
BRH:3
end_of_record
TN:
SF:src\controllers\postController.js
FN:3,(anonymous_0)
FN:20,(anonymous_1)
FN:33,(anonymous_2)
FN:44,(anonymous_3)
FN:58,(anonymous_4)
FN:71,(anonymous_5)
FN:91,(anonymous_6)
FNF:7
FNH:5
FNDA:1,(anonymous_0)
FNDA:2,(anonymous_1)
FNDA:2,(anonymous_2)
FNDA:2,(anonymous_3)
FNDA:0,(anonymous_4)
FNDA:0,(anonymous_5)
FNDA:1,(anonymous_6)
DA:1,8
DA:3,8
DA:4,1
DA:5,1
DA:6,1
DA:7,1
DA:9,0
DA:10,0
DA:14,0
DA:16,0
DA:20,8
DA:21,2
DA:22,2
DA:23,1
DA:24,1
DA:27,1
DA:29,0
DA:33,8
DA:34,2
DA:35,2
DA:38,2
DA:40,0
DA:44,8
DA:45,2
DA:46,2
DA:47,2
DA:51,2
DA:52,1
DA:53,1
DA:55,0
DA:58,8
DA:59,0
DA:60,0
DA:61,0
DA:65,0
DA:67,0
DA:71,8
DA:72,0
DA:73,0
DA:74,0
DA:75,0
DA:76,0
DA:77,0
DA:78,0
DA:79,0
DA:81,0
DA:85,0
DA:87,0
DA:91,8
DA:92,1
DA:93,1
DA:94,1
DA:95,1
DA:96,0
DA:97,1
DA:98,1
DA:100,0
DA:101,0
DA:103,0
DA:107,8
LF:60
LH:33
BRDA:6,0,0,1
BRDA:6,0,1,0
BRDA:6,1,0,1
BRDA:6,1,1,0
BRDA:6,1,2,0
BRDA:6,1,3,0
BRDA:22,2,0,1
BRDA:22,2,1,1
BRDA:51,3,0,1
BRDA:51,3,1,1
BRDA:76,4,0,0
BRDA:76,4,1,0
BRDA:78,5,0,0
BRDA:78,5,1,0
BRDA:78,6,0,0
BRDA:78,6,1,0
BRDA:95,7,0,0
BRDA:95,7,1,1
BRDA:97,8,0,1
BRDA:97,8,1,0
BRDA:97,9,0,1
BRDA:97,9,1,1
BRF:22
BRH:10
end_of_record
TN:
SF:src\controllers\reportController.js
FN:3,(anonymous_0)
FNF:1
FNH:1
FNDA:1,(anonymous_0)
DA:1,7
DA:3,7
DA:4,1
DA:5,1
DA:6,0
DA:8,1
DA:10,1
DA:14,1
DA:18,1
DA:22,1
DA:26,1
DA:29,1
DA:33,1
DA:37,1
DA:48,0
DA:52,7
LF:16
LH:14
BRDA:5,0,0,0
BRDA:5,0,1,1
BRDA:43,1,0,1
BRDA:43,1,1,0
BRF:4
BRH:2
end_of_record
TN:
SF:src\controllers\sessionController.js
FN:4,(anonymous_0)
FN:40,(anonymous_1)
FN:58,(anonymous_2)
FN:95,(anonymous_3)
FN:121,(anonymous_4)
FN:169,(anonymous_5)
FN:183,(anonymous_6)
FN:196,(anonymous_7)
FN:209,(anonymous_8)
FNF:9
FNH:6
FNDA:0,(anonymous_0)
FNDA:0,(anonymous_1)
FNDA:1,(anonymous_2)
FNDA:1,(anonymous_3)
FNDA:0,(anonymous_4)
FNDA:1,(anonymous_5)
FNDA:1,(anonymous_6)
FNDA:3,(anonymous_7)
FNDA:2,(anonymous_8)
DA:1,8
DA:2,8
DA:4,8
DA:5,0
DA:6,0
DA:7,0
DA:8,0
DA:11,0
DA:12,0
DA:13,0
DA:14,0
DA:15,0
DA:16,0
DA:17,0
DA:21,0
DA:24,0
DA:25,0
DA:26,0
DA:33,0
DA:35,0
DA:36,0
DA:40,8
DA:41,0
DA:42,0
DA:43,0
DA:44,0
DA:45,0
DA:46,0
DA:50,0
DA:51,0
DA:52,0
DA:54,0
DA:58,8
DA:59,1
DA:60,1
DA:61,1
DA:62,1
DA:65,1
DA:66,0
DA:67,1
DA:68,1
DA:69,0
DA:70,0
DA:71,0
DA:75,0
DA:79,0
DA:82,0
DA:83,0
DA:84,0
DA:89,0
DA:91,0
DA:95,8
DA:96,1
DA:97,1
DA:98,1
DA:99,1
DA:102,1
DA:103,0
DA:104,1
DA:105,1
DA:106,0
DA:109,0
DA:110,0
DA:111,0
DA:115,0
DA:117,0
DA:121,8
DA:122,0
DA:123,0
DA:124,0
DA:125,0
DA:129,0
DA:130,0
DA:133,0
DA:136,0
DA:137,0
DA:138,0
DA:149,0
DA:153,0
DA:154,0
DA:155,0
DA:158,0
DA:162,0
DA:164,0
DA:165,0
DA:169,8
DA:170,1
DA:171,1
DA:172,1
DA:175,1
DA:176,0
DA:177,1
DA:179,0
DA:183,8
DA:184,1
DA:185,1
DA:186,1
DA:190,1
DA:192,0
DA:196,8
DA:197,3
DA:198,3
DA:199,1
DA:200,2
DA:203,2
DA:205,0
DA:209,8
DA:210,2
DA:211,2
DA:212,2
DA:213,1
DA:214,1
DA:215,0
DA:217,1
DA:221,8
LF:115
LH:46
BRDA:11,0,0,0
BRDA:11,0,1,0
BRDA:13,1,0,0
BRDA:13,1,1,0
BRDA:15,2,0,0
BRDA:15,2,1,0
BRDA:25,3,0,0
BRDA:25,3,1,0
BRDA:44,4,0,0
BRDA:44,4,1,0
BRDA:50,5,0,0
BRDA:50,5,1,0
BRDA:65,6,0,0
BRDA:65,6,1,1
BRDA:67,7,0,1
BRDA:67,7,1,0
BRDA:69,8,0,0
BRDA:69,8,1,0
BRDA:83,9,0,0
BRDA:83,9,1,0
BRDA:102,10,0,0
BRDA:102,10,1,1
BRDA:104,11,0,1
BRDA:104,11,1,0
BRDA:110,12,0,0
BRDA:110,12,1,0
BRDA:129,13,0,0
BRDA:129,13,1,0
BRDA:154,14,0,0
BRDA:154,14,1,0
BRDA:175,15,0,0
BRDA:175,15,1,1
BRDA:198,16,0,1
BRDA:198,16,1,2
BRDA:212,17,0,1
BRDA:212,17,1,1
BRF:36
BRH:9
end_of_record
TN:
SF:src\controllers\userController.js
FN:5,(anonymous_0)
FN:30,(anonymous_1)
FN:43,(anonymous_2)
FN:57,(anonymous_3)
FN:72,(anonymous_4)
FN:112,(anonymous_5)
FN:125,(anonymous_6)
FNF:7
FNH:4
FNDA:0,(anonymous_0)
FNDA:1,(anonymous_1)
FNDA:2,(anonymous_2)
FNDA:0,(anonymous_3)
FNDA:0,(anonymous_4)
FNDA:1,(anonymous_5)
FNDA:1,(anonymous_6)
DA:1,8
DA:2,8
DA:3,8
DA:5,8
DA:6,0
DA:7,0
DA:8,0
DA:9,0
DA:10,0
DA:12,0
DA:13,0
DA:17,0
DA:18,0
DA:19,0
DA:20,0
DA:24,0
DA:26,0
DA:30,8
DA:31,1
DA:32,1
DA:33,1
DA:34,0
DA:37,0
DA:39,0
DA:43,8
DA:44,2
DA:45,2
DA:46,2
DA:50,2
DA:51,1
DA:52,1
DA:54,0
DA:57,8
DA:58,0
DA:59,0
DA:60,0
DA:64,0
DA:65,0
DA:67,0
DA:68,0
DA:72,8
DA:73,0
DA:84,0
DA:85,0
DA:86,0
DA:87,0
DA:89,0
DA:104,0
DA:105,0
DA:106,0
DA:108,0
DA:112,8
DA:113,1
DA:114,1
DA:115,1
DA:116,1
DA:118,0
DA:119,0
DA:121,0
DA:125,8
DA:126,1
DA:127,1
DA:128,1
DA:132,1
DA:134,0
DA:138,8
LF:66
LH:28
BRDA:6,0,0,0
BRDA:6,0,1,0
BRDA:9,1,0,0
BRDA:9,1,1,0
BRDA:9,2,0,0
BRDA:9,2,1,0
BRDA:9,2,2,0
BRDA:17,3,0,0
BRDA:17,3,1,0
BRDA:22,4,0,0
BRDA:22,4,1,0
BRDA:32,5,0,1
BRDA:32,5,1,0
BRDA:50,6,0,1
BRDA:50,6,1,1
BRDA:84,7,0,0
BRDA:84,7,1,0
BRDA:86,8,0,0
BRDA:86,8,1,0
BRDA:86,9,0,0
BRDA:86,9,1,0
BRDA:104,10,0,0
BRDA:104,10,1,0
BRDA:115,11,0,1
BRDA:115,11,1,0
BRDA:115,12,0,1
BRDA:115,12,1,1
BRF:27
BRH:6
end_of_record
TN:
SF:src\middleware\auth.js
FN:3,(anonymous_0)
FNF:1
FNH:1
FNDA:24,(anonymous_0)
DA:1,8
DA:3,8
DA:4,24
DA:5,24
DA:6,23
DA:7,23
DA:8,10
DA:9,10
DA:11,13
DA:15,8
LF:10
LH:10
BRDA:5,0,0,1
BRDA:5,0,1,23
BRF:2
BRH:2
end_of_record
TN:
SF:src\routes\authRoutes.js
FNF:0
FNH:0
DA:1,8
DA:2,8
DA:8,8
DA:9,8
DA:11,8
DA:12,8
DA:13,8
DA:14,8
DA:16,8
LF:9
LH:9
BRF:0
BRH:0
end_of_record
TN:
SF:src\routes\invoiceRoutes.js
FNF:0
FNH:0
DA:1,7
DA:2,7
DA:9,7
DA:10,7
DA:12,7
DA:13,7
DA:14,7
DA:15,7
DA:16,7
DA:18,7
LF:10
LH:10
BRF:0
BRH:0
end_of_record
TN:
SF:src\routes\paymentRoutes.js
FNF:0
FNH:0
DA:1,7
DA:2,7
DA:11,7
DA:12,7
DA:14,7
DA:15,7
DA:16,7
DA:17,7
DA:18,7
DA:19,7
DA:20,7
DA:22,7
LF:12
LH:12
BRF:0
BRH:0
end_of_record
TN:
SF:src\routes\postRoutes.js
FNF:0
FNH:0
DA:1,7
DA:2,7
DA:11,7
DA:12,7
DA:14,7
DA:15,7
DA:16,7
DA:17,7
DA:18,7
DA:19,7
DA:20,7
DA:22,7
LF:12
LH:12
BRF:0
BRH:0
end_of_record
TN:
SF:src\routes\reportRoute.js
FNF:0
FNH:0
DA:1,7
DA:2,7
DA:3,7
DA:4,7
DA:6,7
DA:8,7
LF:6
LH:6
BRF:0
BRH:0
end_of_record
TN:
SF:src\routes\sessionRoutes.js
FNF:0
FNH:0
DA:1,7
DA:2,7
DA:13,7
DA:14,7
DA:16,7
DA:17,7
DA:18,7
DA:19,7
DA:20,7
DA:21,7
DA:22,7
DA:23,7
DA:24,7
DA:26,7
LF:14
LH:14
BRF:0
BRH:0
end_of_record
TN:
SF:src\routes\userRoutes.js
FNF:0
FNH:0
DA:1,7
DA:2,7
DA:11,7
DA:12,7
DA:14,7
DA:15,7
DA:16,7
DA:17,7
DA:18,7
DA:19,7
DA:20,7
DA:22,7
LF:12
LH:12
BRF:0
BRH:0
end_of_record
